{"/home/travis/build/npmtest/node-npmtest-epub-gen/test.js":{"path":"/home/travis/build/npmtest/node-npmtest-epub-gen/test.js","s":{"1":2,"2":2,"3":2,"4":2,"5":2,"6":2,"7":2,"8":1,"9":2,"10":2,"11":1,"12":1,"13":1,"14":1,"15":2,"16":2,"17":2,"18":2,"19":1,"20":1,"21":2,"22":2,"23":2,"24":1,"25":1,"26":1,"27":1,"28":1,"29":1,"30":1,"31":1,"32":1,"33":1,"34":1,"35":1,"36":1,"37":1,"38":1,"39":2,"40":2,"41":1,"42":2,"43":2,"44":1,"45":2,"46":2,"47":1,"48":2,"49":2,"50":1,"51":1,"52":1,"53":1,"54":1},"b":{"1":[2,1,1,1],"2":[1,1,1,1],"3":[1,1],"4":[1,1],"5":[1,1],"6":[1,1],"7":[1,1],"8":[1,1],"9":[1,1],"10":[1,1,1],"11":[1,1],"12":[1,1],"13":[1,1],"14":[1,1],"15":[1,1],"16":[1,1],"17":[1,1]},"f":{"1":2,"2":2,"3":2,"4":2,"5":2,"6":1,"7":1,"8":1,"9":2,"10":2,"11":2,"12":2,"13":1},"fnMap":{"1":{"name":"(anonymous_1)","line":12,"loc":{"start":{"line":12,"column":1},"end":{"line":12,"column":13}}},"2":{"name":"(anonymous_2)","line":19,"loc":{"start":{"line":19,"column":5},"end":{"line":19,"column":17}}},"3":{"name":"(anonymous_3)","line":23,"loc":{"start":{"line":23,"column":24},"end":{"line":23,"column":36}}},"4":{"name":"(anonymous_4)","line":61,"loc":{"start":{"line":61,"column":5},"end":{"line":61,"column":17}}},"5":{"name":"(anonymous_5)","line":82,"loc":{"start":{"line":82,"column":5},"end":{"line":82,"column":17}}},"6":{"name":"(anonymous_6)","line":91,"loc":{"start":{"line":91,"column":77},"end":{"line":94,"column":10}}},"7":{"name":"(anonymous_7)","line":112,"loc":{"start":{"line":112,"column":83},"end":{"line":115,"column":10}},"skip":true},"8":{"name":"(anonymous_8)","line":123,"loc":{"start":{"line":123,"column":77},"end":{"line":126,"column":10}},"skip":true},"9":{"name":"(anonymous_9)","line":139,"loc":{"start":{"line":139,"column":12},"end":{"line":139,"column":40}},"skip":true},"10":{"name":"(anonymous_10)","line":147,"loc":{"start":{"line":147,"column":77},"end":{"line":150,"column":10}},"skip":true},"11":{"name":"(anonymous_11)","line":158,"loc":{"start":{"line":158,"column":83},"end":{"line":161,"column":10}},"skip":true},"12":{"name":"(anonymous_12)","line":169,"loc":{"start":{"line":169,"column":79},"end":{"line":172,"column":10}},"skip":true},"13":{"name":"(anonymous_13)","line":180,"loc":{"start":{"line":180,"column":75},"end":{"line":183,"column":10}},"skip":true}},"statementMap":{"1":{"start":{"line":12,"column":0},"end":{"line":195,"column":5}},"2":{"start":{"line":14,"column":4},"end":{"line":14,"column":14}},"3":{"start":{"line":19,"column":4},"end":{"line":56,"column":9}},"4":{"start":{"line":21,"column":8},"end":{"line":21,"column":19}},"5":{"start":{"line":23,"column":8},"end":{"line":35,"column":13}},"6":{"start":{"line":24,"column":12},"end":{"line":34,"column":13}},"7":{"start":{"line":25,"column":16},"end":{"line":28,"column":30}},"8":{"start":{"line":30,"column":16},"end":{"line":33,"column":27}},"9":{"start":{"line":37,"column":8},"end":{"line":39,"column":21}},"10":{"start":{"line":40,"column":8},"end":{"line":53,"column":9}},"11":{"start":{"line":43,"column":12},"end":{"line":46,"column":14}},"12":{"start":{"line":47,"column":12},"end":{"line":47,"column":18}},"13":{"start":{"line":50,"column":12},"end":{"line":51,"column":33}},"14":{"start":{"line":52,"column":12},"end":{"line":52,"column":18}},"15":{"start":{"line":55,"column":8},"end":{"line":55,"column":35}},"16":{"start":{"line":61,"column":4},"end":{"line":63,"column":9}},"17":{"start":{"line":62,"column":8},"end":{"line":62,"column":15}},"18":{"start":{"line":64,"column":4},"end":{"line":77,"column":5}},"19":{"start":{"line":70,"column":8},"end":{"line":70,"column":14}},"20":{"start":{"line":76,"column":8},"end":{"line":76,"column":14}},"21":{"start":{"line":82,"column":4},"end":{"line":84,"column":9}},"22":{"start":{"line":83,"column":8},"end":{"line":83,"column":15}},"23":{"start":{"line":85,"column":4},"end":{"line":194,"column":5}},"24":{"start":{"line":91,"column":8},"end":{"line":99,"column":10}},"25":{"start":{"line":98,"column":12},"end":{"line":98,"column":35}},"26":{"start":{"line":102,"column":8},"end":{"line":104,"column":63}},"27":{"start":{"line":105,"column":8},"end":{"line":105,"column":14}},"28":{"start":{"line":112,"column":8},"end":{"line":121,"column":10},"skip":true},"29":{"start":{"line":119,"column":12},"end":{"line":119,"column":55},"skip":true},"30":{"start":{"line":120,"column":12},"end":{"line":120,"column":48},"skip":true},"31":{"start":{"line":123,"column":8},"end":{"line":136,"column":10},"skip":true},"32":{"start":{"line":130,"column":12},"end":{"line":130,"column":76},"skip":true},"33":{"start":{"line":131,"column":12},"end":{"line":131,"column":73},"skip":true},"34":{"start":{"line":132,"column":12},"end":{"line":132,"column":74},"skip":true},"35":{"start":{"line":133,"column":12},"end":{"line":133,"column":79},"skip":true},"36":{"start":{"line":134,"column":12},"end":{"line":134,"column":25},"skip":true},"37":{"start":{"line":135,"column":12},"end":{"line":135,"column":45},"skip":true},"38":{"start":{"line":138,"column":8},"end":{"line":145,"column":14},"skip":true},"39":{"start":{"line":143,"column":16},"end":{"line":143,"column":29},"skip":true},"40":{"start":{"line":144,"column":16},"end":{"line":144,"column":55},"skip":true},"41":{"start":{"line":147,"column":8},"end":{"line":156,"column":10},"skip":true},"42":{"start":{"line":154,"column":12},"end":{"line":154,"column":25},"skip":true},"43":{"start":{"line":155,"column":12},"end":{"line":155,"column":45},"skip":true},"44":{"start":{"line":158,"column":8},"end":{"line":167,"column":10},"skip":true},"45":{"start":{"line":165,"column":12},"end":{"line":165,"column":25},"skip":true},"46":{"start":{"line":166,"column":12},"end":{"line":166,"column":48},"skip":true},"47":{"start":{"line":169,"column":8},"end":{"line":178,"column":10},"skip":true},"48":{"start":{"line":176,"column":12},"end":{"line":176,"column":25},"skip":true},"49":{"start":{"line":177,"column":12},"end":{"line":177,"column":46},"skip":true},"50":{"start":{"line":180,"column":8},"end":{"line":189,"column":10},"skip":true},"51":{"start":{"line":187,"column":12},"end":{"line":187,"column":94},"skip":true},"52":{"start":{"line":188,"column":12},"end":{"line":188,"column":48},"skip":true},"53":{"start":{"line":192,"column":8},"end":{"line":192,"column":35},"skip":true},"54":{"start":{"line":193,"column":8},"end":{"line":193,"column":14},"skip":true}},"branchMap":{"1":{"line":25,"type":"binary-expr","locations":[{"start":{"line":25,"column":23},"end":{"line":25,"column":62}},{"start":{"line":26,"column":20},"end":{"line":26,"column":70}},{"start":{"line":27,"column":20},"end":{"line":27,"column":71}},{"start":{"line":28,"column":20},"end":{"line":28,"column":29}}]},"2":{"line":30,"type":"binary-expr","locations":[{"start":{"line":30,"column":23},"end":{"line":30,"column":37}},{"start":{"line":31,"column":20},"end":{"line":31,"column":61}},{"start":{"line":32,"column":20},"end":{"line":32,"column":70}},{"start":{"line":33,"column":20},"end":{"line":33,"column":26}}]},"3":{"line":37,"type":"cond-expr","locations":[{"start":{"line":38,"column":14},"end":{"line":38,"column":20}},{"start":{"line":39,"column":14},"end":{"line":39,"column":20}}]},"4":{"line":40,"type":"switch","locations":[{"start":{"line":42,"column":8},"end":{"line":47,"column":18}},{"start":{"line":49,"column":8},"end":{"line":52,"column":18}}]},"5":{"line":44,"type":"binary-expr","locations":[{"start":{"line":44,"column":16},"end":{"line":44,"column":44}},{"start":{"line":44,"column":48},"end":{"line":44,"column":66}}]},"6":{"line":50,"type":"binary-expr","locations":[{"start":{"line":50,"column":21},"end":{"line":50,"column":49}},{"start":{"line":50,"column":53},"end":{"line":50,"column":72}}]},"7":{"line":64,"type":"switch","locations":[{"start":{"line":69,"column":4},"end":{"line":70,"column":14}},{"start":{"line":75,"column":4},"end":{"line":76,"column":14}}]},"8":{"line":85,"type":"switch","locations":[{"start":{"line":90,"column":4},"end":{"line":105,"column":14}},{"start":{"line":111,"column":4},"end":{"line":193,"column":14},"skip":true}]},"9":{"line":91,"type":"binary-expr","locations":[{"start":{"line":91,"column":42},"end":{"line":91,"column":73}},{"start":{"line":91,"column":77},"end":{"line":99,"column":9}}]},"10":{"line":102,"type":"binary-expr","locations":[{"start":{"line":102,"column":18},"end":{"line":102,"column":32}},{"start":{"line":103,"column":12},"end":{"line":103,"column":53}},{"start":{"line":104,"column":12},"end":{"line":104,"column":61}}]},"11":{"line":112,"type":"binary-expr","locations":[{"start":{"line":112,"column":45},"end":{"line":112,"column":79},"skip":true},{"start":{"line":112,"column":83},"end":{"line":121,"column":9},"skip":true}]},"12":{"line":123,"type":"binary-expr","locations":[{"start":{"line":123,"column":42},"end":{"line":123,"column":73},"skip":true},{"start":{"line":123,"column":77},"end":{"line":136,"column":9},"skip":true}]},"13":{"line":138,"type":"binary-expr","locations":[{"start":{"line":138,"column":48},"end":{"line":138,"column":85},"skip":true},{"start":{"line":139,"column":12},"end":{"line":145,"column":13},"skip":true}]},"14":{"line":147,"type":"binary-expr","locations":[{"start":{"line":147,"column":42},"end":{"line":147,"column":73},"skip":true},{"start":{"line":147,"column":77},"end":{"line":156,"column":9},"skip":true}]},"15":{"line":158,"type":"binary-expr","locations":[{"start":{"line":158,"column":45},"end":{"line":158,"column":79},"skip":true},{"start":{"line":158,"column":83},"end":{"line":167,"column":9},"skip":true}]},"16":{"line":169,"type":"binary-expr","locations":[{"start":{"line":169,"column":43},"end":{"line":169,"column":75},"skip":true},{"start":{"line":169,"column":79},"end":{"line":178,"column":9},"skip":true}]},"17":{"line":180,"type":"binary-expr","locations":[{"start":{"line":180,"column":41},"end":{"line":180,"column":71},"skip":true},{"start":{"line":180,"column":75},"end":{"line":189,"column":9},"skip":true}]}},"code":["/* istanbul instrument in package npmtest_epub_gen */","/*jslint","    bitwise: true,","    browser: true,","    maxerr: 8,","    maxlen: 96,","    node: true,","    nomen: true,","    regexp: true,","    stupid: true","*/","(function () {","    'use strict';","    var local;","","","","    // run shared js-env code - init-before","    (function () {","        // init local","        local = {};","        // init modeJs","        local.modeJs = (function () {","            try {","                return typeof navigator.userAgent === 'string' &&","                    typeof document.querySelector('body') === 'object' &&","                    typeof XMLHttpRequest.prototype.open === 'function' &&","                    'browser';","            } catch (errorCaughtBrowser) {","                return module.exports &&","                    typeof process.versions.node === 'string' &&","                    typeof require('http').createServer === 'function' &&","                    'node';","            }","        }());","        // init global","        local.global = local.modeJs === 'browser'","            ? window","            : global;","        switch (local.modeJs) {","        // re-init local from window.local","        case 'browser':","            local = local.global.utility2.objectSetDefault(","                local.global.utility2_rollup || local.global.local,","                local.global.utility2","            );","            break;","        // re-init local from example.js","        case 'node':","            local = (local.global.utility2_rollup || require('utility2'))","                .requireReadme();","            break;","        }","        // export local","        local.global.local = local;","    }());","","","","    // run shared js-env code - function","    (function () {","        return;","    }());","    switch (local.modeJs) {","","","","    // run browser js-env code - function","    case 'browser':","        break;","","","","    // run node js-env code - function","    case 'node':","        break;","    }","","","","    // run shared js-env code - init-after","    (function () {","        return;","    }());","    switch (local.modeJs) {","","","","    // run browser js-env code - init-after","    case 'browser':","        local.testCase_browser_nullCase = local.testCase_browser_nullCase || function (","            options,","            onError","        ) {","        /*","         * this function will test browsers's null-case handling-behavior-behavior","         */","            onError(null, options);","        };","","        // run tests","        local.nop(local.modeTest &&","            document.querySelector('#testRunButton1') &&","            document.querySelector('#testRunButton1').click());","        break;","","","","    // run node js-env code - init-after","    /* istanbul ignore next */","    case 'node':","        local.testCase_buildApidoc_default = local.testCase_buildApidoc_default || function (","            options,","            onError","        ) {","        /*","         * this function will test buildApidoc's default handling-behavior-behavior","         */","            options = { modulePathList: module.paths };","            local.buildApidoc(options, onError);","        };","","        local.testCase_buildApp_default = local.testCase_buildApp_default || function (","            options,","            onError","        ) {","        /*","         * this function will test buildApp's default handling-behavior-behavior","         */","            local.testCase_buildReadme_default(options, local.onErrorThrow);","            local.testCase_buildLib_default(options, local.onErrorThrow);","            local.testCase_buildTest_default(options, local.onErrorThrow);","            local.testCase_buildCustomOrg_default(options, local.onErrorThrow);","            options = [];","            local.buildApp(options, onError);","        };","","        local.testCase_buildCustomOrg_default = local.testCase_buildCustomOrg_default ||","            function (options, onError) {","            /*","             * this function will test buildCustomOrg's default handling-behavior","             */","                options = {};","                local.buildCustomOrg(options, onError);","            };","","        local.testCase_buildLib_default = local.testCase_buildLib_default || function (","            options,","            onError","        ) {","        /*","         * this function will test buildLib's default handling-behavior","         */","            options = {};","            local.buildLib(options, onError);","        };","","        local.testCase_buildReadme_default = local.testCase_buildReadme_default || function (","            options,","            onError","        ) {","        /*","         * this function will test buildReadme's default handling-behavior-behavior","         */","            options = {};","            local.buildReadme(options, onError);","        };","","        local.testCase_buildTest_default = local.testCase_buildTest_default || function (","            options,","            onError","        ) {","        /*","         * this function will test buildTest's default handling-behavior","         */","            options = {};","            local.buildTest(options, onError);","        };","","        local.testCase_webpage_default = local.testCase_webpage_default || function (","            options,","            onError","        ) {","        /*","         * this function will test webpage's default handling-behavior","         */","            options = { modeCoverageMerge: true, url: local.serverLocalHost + '?modeTest=1' };","            local.browserTest(options, onError);","        };","","        // run test-server","        local.testRunServer(local);","        break;","    }","}());",""],"l":{"12":2,"14":2,"19":2,"21":2,"23":2,"24":2,"25":2,"30":1,"37":2,"40":2,"43":1,"47":1,"50":1,"52":1,"55":2,"61":2,"62":2,"64":2,"70":1,"76":1,"82":2,"83":2,"85":2,"91":1,"98":1,"102":1,"105":1,"112":1,"119":1,"120":1,"123":1,"130":1,"131":1,"132":1,"133":1,"134":1,"135":1,"138":1,"143":2,"144":2,"147":1,"154":2,"155":2,"158":1,"165":2,"166":2,"169":1,"176":2,"177":2,"180":1,"187":1,"188":1,"192":1,"193":1}},"/home/travis/build/npmtest/node-npmtest-epub-gen/lib.npmtest_epub_gen.js":{"path":"/home/travis/build/npmtest/node-npmtest-epub-gen/lib.npmtest_epub_gen.js","s":{"1":2,"2":2,"3":2,"4":2,"5":2,"6":2,"7":2,"8":1,"9":2,"10":2,"11":2,"12":2,"13":1,"14":1,"15":1,"16":1},"b":{"1":[2,1,1,1],"2":[1,1,1,1],"3":[1,1],"4":[2,2],"5":[1,1]},"f":{"1":2,"2":2,"3":2},"fnMap":{"1":{"name":"(anonymous_1)","line":12,"loc":{"start":{"line":12,"column":1},"end":{"line":12,"column":13}}},"2":{"name":"(anonymous_2)","line":19,"loc":{"start":{"line":19,"column":5},"end":{"line":19,"column":17}}},"3":{"name":"(anonymous_3)","line":23,"loc":{"start":{"line":23,"column":24},"end":{"line":23,"column":36}}}},"statementMap":{"1":{"start":{"line":12,"column":0},"end":{"line":53,"column":5}},"2":{"start":{"line":14,"column":4},"end":{"line":14,"column":14}},"3":{"start":{"line":19,"column":4},"end":{"line":52,"column":9}},"4":{"start":{"line":21,"column":8},"end":{"line":21,"column":19}},"5":{"start":{"line":23,"column":8},"end":{"line":35,"column":13}},"6":{"start":{"line":24,"column":12},"end":{"line":34,"column":13}},"7":{"start":{"line":25,"column":16},"end":{"line":28,"column":30}},"8":{"start":{"line":30,"column":16},"end":{"line":33,"column":27}},"9":{"start":{"line":37,"column":8},"end":{"line":39,"column":21}},"10":{"start":{"line":41,"column":8},"end":{"line":41,"column":54}},"11":{"start":{"line":43,"column":8},"end":{"line":43,"column":53}},"12":{"start":{"line":45,"column":8},"end":{"line":51,"column":9}},"13":{"start":{"line":46,"column":12},"end":{"line":46,"column":59}},"14":{"start":{"line":48,"column":12},"end":{"line":48,"column":35}},"15":{"start":{"line":49,"column":12},"end":{"line":49,"column":49}},"16":{"start":{"line":50,"column":12},"end":{"line":50,"column":43}}},"branchMap":{"1":{"line":25,"type":"binary-expr","locations":[{"start":{"line":25,"column":23},"end":{"line":25,"column":62}},{"start":{"line":26,"column":20},"end":{"line":26,"column":70}},{"start":{"line":27,"column":20},"end":{"line":27,"column":71}},{"start":{"line":28,"column":20},"end":{"line":28,"column":29}}]},"2":{"line":30,"type":"binary-expr","locations":[{"start":{"line":30,"column":23},"end":{"line":30,"column":37}},{"start":{"line":31,"column":20},"end":{"line":31,"column":61}},{"start":{"line":32,"column":20},"end":{"line":32,"column":70}},{"start":{"line":33,"column":20},"end":{"line":33,"column":26}}]},"3":{"line":37,"type":"cond-expr","locations":[{"start":{"line":38,"column":14},"end":{"line":38,"column":20}},{"start":{"line":39,"column":14},"end":{"line":39,"column":20}}]},"4":{"line":41,"type":"binary-expr","locations":[{"start":{"line":41,"column":16},"end":{"line":41,"column":44}},{"start":{"line":41,"column":48},"end":{"line":41,"column":53}}]},"5":{"line":45,"type":"if","locations":[{"start":{"line":45,"column":8},"end":{"line":45,"column":8}},{"start":{"line":45,"column":8},"end":{"line":45,"column":8}}]}},"code":["/* istanbul instrument in package npmtest_epub_gen */","/*jslint","    bitwise: true,","    browser: true,","    maxerr: 8,","    maxlen: 96,","    node: true,","    nomen: true,","    regexp: true,","    stupid: true","*/","(function () {","    'use strict';","    var local;","","","","    // run shared js-env code - init-before","    (function () {","        // init local","        local = {};","        // init modeJs","        local.modeJs = (function () {","            try {","                return typeof navigator.userAgent === 'string' &&","                    typeof document.querySelector('body') === 'object' &&","                    typeof XMLHttpRequest.prototype.open === 'function' &&","                    'browser';","            } catch (errorCaughtBrowser) {","                return module.exports &&","                    typeof process.versions.node === 'string' &&","                    typeof require('http').createServer === 'function' &&","                    'node';","            }","        }());","        // init global","        local.global = local.modeJs === 'browser'","            ? window","            : global;","        // init utility2_rollup","        local = local.global.utility2_rollup || local;","        // init lib","        local.local = local.npmtest_epub_gen = local;","        // init exports","        if (local.modeJs === 'browser') {","            local.global.utility2_npmtest_epub_gen = local;","        } else {","            module.exports = local;","            module.exports.__dirname = __dirname;","            module.exports.module = module;","        }","    }());","}());",""],"l":{"12":2,"14":2,"19":2,"21":2,"23":2,"24":2,"25":2,"30":1,"37":2,"41":2,"43":2,"45":2,"46":1,"48":1,"49":1,"50":1}},"/home/travis/build/npmtest/node-npmtest-epub-gen/example.js":{"path":"/home/travis/build/npmtest/node-npmtest-epub-gen/example.js","s":{"1":2,"2":2,"3":2,"4":2,"5":2,"6":2,"7":2,"8":1,"9":2,"10":2,"11":2,"12":2,"13":1,"14":2,"15":2,"16":2,"17":2,"18":2,"19":0,"20":2,"21":1,"22":1,"23":1,"24":1,"25":1,"26":0,"27":0,"28":1,"29":1,"30":2,"31":0,"32":0,"33":0,"34":1,"35":2,"36":2,"37":3,"38":3,"39":3,"40":3,"41":0,"42":3,"43":3,"44":3,"45":1,"46":3,"47":1,"48":1,"49":1,"50":1,"51":1,"52":1,"53":1,"54":1,"55":1,"56":1,"57":0,"58":1,"59":6,"60":6,"61":1,"62":2,"63":0,"64":2,"65":1,"66":1,"67":0,"68":0,"69":0,"70":0,"71":0,"72":0,"73":0,"74":0,"75":0,"76":0,"77":0,"78":0,"79":0,"80":0,"81":0,"82":0,"83":0},"b":{"1":[2,1,1,1],"2":[1,1,1,1],"3":[1,1],"4":[2,2],"5":[1,1],"6":[1,1],"7":[2,0],"8":[2,1,1,1,1,1],"9":[0,2,0],"10":[1,1],"11":[2,1,1],"12":[1,0],"13":[0,2],"14":[2,0,0,0,0,0,0],"15":[0,3],"16":[3,0],"17":[1,1],"18":[0,1],"19":[1,2,0,2],"20":[1,0],"21":[1,1],"22":[0,0],"23":[0,0],"24":[0,0],"25":[0,0],"26":[0,0],"27":[0,0],"28":[0,0]},"f":{"1":2,"2":2,"3":2,"4":2,"5":2,"6":2,"7":3,"8":3,"9":3,"10":1,"11":6,"12":0},"fnMap":{"1":{"name":"(anonymous_1)","line":26,"loc":{"start":{"line":26,"column":1},"end":{"line":26,"column":13}}},"2":{"name":"(anonymous_2)","line":33,"loc":{"start":{"line":33,"column":5},"end":{"line":33,"column":17}}},"3":{"name":"(anonymous_3)","line":37,"loc":{"start":{"line":37,"column":24},"end":{"line":37,"column":36}}},"4":{"name":"(anonymous_4)","line":69,"loc":{"start":{"line":69,"column":31},"end":{"line":69,"column":48}},"skip":true},"5":{"name":"(anonymous_5)","line":78,"loc":{"start":{"line":78,"column":26},"end":{"line":78,"column":45}},"skip":true},"6":{"name":"(anonymous_6)","line":123,"loc":{"start":{"line":123,"column":33},"end":{"line":123,"column":48}},"skip":true},"7":{"name":"(anonymous_7)","line":125,"loc":{"start":{"line":125,"column":27},"end":{"line":125,"column":39}},"skip":true},"8":{"name":"(anonymous_8)","line":133,"loc":{"start":{"line":133,"column":59},"end":{"line":133,"column":74}},"skip":true},"9":{"name":"(anonymous_9)","line":143,"loc":{"start":{"line":143,"column":45},"end":{"line":143,"column":62}},"skip":true},"10":{"name":"(anonymous_10)","line":144,"loc":{"start":{"line":144,"column":73},"end":{"line":144,"column":92}},"skip":true},"11":{"name":"(anonymous_11)","line":272,"loc":{"start":{"line":272,"column":51},"end":{"line":272,"column":77}},"skip":true},"12":{"name":"(anonymous_12)","line":315,"loc":{"start":{"line":315,"column":32},"end":{"line":315,"column":61}},"skip":true}},"statementMap":{"1":{"start":{"line":26,"column":0},"end":{"line":326,"column":5}},"2":{"start":{"line":28,"column":4},"end":{"line":28,"column":14}},"3":{"start":{"line":33,"column":4},"end":{"line":60,"column":9}},"4":{"start":{"line":35,"column":8},"end":{"line":35,"column":19}},"5":{"start":{"line":37,"column":8},"end":{"line":49,"column":13}},"6":{"start":{"line":38,"column":12},"end":{"line":48,"column":13}},"7":{"start":{"line":39,"column":16},"end":{"line":42,"column":30}},"8":{"start":{"line":44,"column":16},"end":{"line":47,"column":27}},"9":{"start":{"line":51,"column":8},"end":{"line":53,"column":21}},"10":{"start":{"line":55,"column":8},"end":{"line":57,"column":45}},"11":{"start":{"line":59,"column":8},"end":{"line":59,"column":35}},"12":{"start":{"line":61,"column":4},"end":{"line":325,"column":5}},"13":{"start":{"line":69,"column":8},"end":{"line":121,"column":10},"skip":true},"14":{"start":{"line":70,"column":12},"end":{"line":88,"column":13},"skip":true},"15":{"start":{"line":76,"column":16},"end":{"line":87,"column":19},"skip":true},"16":{"start":{"line":79,"column":20},"end":{"line":86,"column":21},"skip":true},"17":{"start":{"line":82,"column":24},"end":{"line":82,"column":43},"skip":true},"18":{"start":{"line":83,"column":24},"end":{"line":83,"column":30},"skip":true},"19":{"start":{"line":85,"column":24},"end":{"line":85,"column":49},"skip":true},"20":{"start":{"line":89,"column":12},"end":{"line":107,"column":13},"skip":true},"21":{"start":{"line":92,"column":16},"end":{"line":102,"column":17},"skip":true},"22":{"start":{"line":93,"column":20},"end":{"line":93,"column":86},"skip":true},"23":{"start":{"line":94,"column":20},"end":{"line":95,"column":45},"skip":true},"24":{"start":{"line":96,"column":20},"end":{"line":96,"column":42},"skip":true},"25":{"start":{"line":97,"column":20},"end":{"line":97,"column":48},"skip":true},"26":{"start":{"line":100,"column":20},"end":{"line":100,"column":85},"skip":true},"27":{"start":{"line":101,"column":20},"end":{"line":101,"column":96},"skip":true},"28":{"start":{"line":103,"column":16},"end":{"line":103,"column":22},"skip":true},"29":{"start":{"line":106,"column":16},"end":{"line":106,"column":22},"skip":true},"30":{"start":{"line":108,"column":12},"end":{"line":120,"column":13},"skip":true},"31":{"start":{"line":114,"column":16},"end":{"line":119,"column":17},"skip":true},"32":{"start":{"line":116,"column":20},"end":{"line":116,"column":78},"skip":true},"33":{"start":{"line":118,"column":20},"end":{"line":118,"column":47},"skip":true},"34":{"start":{"line":123,"column":8},"end":{"line":141,"column":11},"skip":true},"35":{"start":{"line":124,"column":12},"end":{"line":124,"column":54},"skip":true},"36":{"start":{"line":125,"column":12},"end":{"line":140,"column":14},"skip":true},"37":{"start":{"line":126,"column":16},"end":{"line":126,"column":28},"skip":true},"38":{"start":{"line":127,"column":16},"end":{"line":127,"column":69},"skip":true},"39":{"start":{"line":128,"column":16},"end":{"line":128,"column":75},"skip":true},"40":{"start":{"line":129,"column":16},"end":{"line":131,"column":17},"skip":true},"41":{"start":{"line":130,"column":20},"end":{"line":130,"column":27},"skip":true},"42":{"start":{"line":133,"column":16},"end":{"line":137,"column":36},"skip":true},"43":{"start":{"line":134,"column":20},"end":{"line":136,"column":55},"skip":true},"44":{"start":{"line":139,"column":16},"end":{"line":139,"column":57},"skip":true},"45":{"start":{"line":143,"column":8},"end":{"line":147,"column":11},"skip":true},"46":{"start":{"line":144,"column":12},"end":{"line":146,"column":15},"skip":true},"47":{"start":{"line":145,"column":16},"end":{"line":145,"column":70},"skip":true},"48":{"start":{"line":149,"column":8},"end":{"line":149,"column":31},"skip":true},"49":{"start":{"line":150,"column":8},"end":{"line":150,"column":14},"skip":true},"50":{"start":{"line":158,"column":8},"end":{"line":158,"column":31},"skip":true},"51":{"start":{"line":160,"column":8},"end":{"line":160,"column":33},"skip":true},"52":{"start":{"line":161,"column":8},"end":{"line":161,"column":37},"skip":true},"53":{"start":{"line":162,"column":8},"end":{"line":162,"column":35},"skip":true},"54":{"start":{"line":164,"column":8},"end":{"line":164,"column":50},"skip":true},"55":{"start":{"line":166,"column":8},"end":{"line":256,"column":2},"skip":true},"56":{"start":{"line":258,"column":8},"end":{"line":286,"column":9},"skip":true},"57":{"start":{"line":259,"column":12},"end":{"line":269,"column":14},"skip":true},"58":{"start":{"line":271,"column":12},"end":{"line":285,"column":19},"skip":true},"59":{"start":{"line":274,"column":20},"end":{"line":274,"column":35},"skip":true},"60":{"start":{"line":275,"column":20},"end":{"line":284,"column":21},"skip":true},"61":{"start":{"line":277,"column":24},"end":{"line":277,"column":64},"skip":true},"62":{"start":{"line":279,"column":24},"end":{"line":279,"column":40},"skip":true},"63":{"start":{"line":281,"column":24},"end":{"line":281,"column":40},"skip":true},"64":{"start":{"line":283,"column":24},"end":{"line":283,"column":39},"skip":true},"65":{"start":{"line":288,"column":8},"end":{"line":290,"column":9},"skip":true},"66":{"start":{"line":289,"column":12},"end":{"line":289,"column":18},"skip":true},"67":{"start":{"line":291,"column":8},"end":{"line":293,"column":54},"skip":true},"68":{"start":{"line":296,"column":8},"end":{"line":301,"column":37},"skip":true},"69":{"start":{"line":303,"column":8},"end":{"line":303,"column":82},"skip":true},"70":{"start":{"line":306,"column":8},"end":{"line":308,"column":9},"skip":true},"71":{"start":{"line":307,"column":12},"end":{"line":307,"column":82},"skip":true},"72":{"start":{"line":310,"column":8},"end":{"line":312,"column":9},"skip":true},"73":{"start":{"line":311,"column":12},"end":{"line":311,"column":18},"skip":true},"74":{"start":{"line":313,"column":8},"end":{"line":313,"column":54},"skip":true},"75":{"start":{"line":314,"column":8},"end":{"line":314,"column":69},"skip":true},"76":{"start":{"line":315,"column":8},"end":{"line":323,"column":36},"skip":true},"77":{"start":{"line":316,"column":12},"end":{"line":316,"column":61},"skip":true},"78":{"start":{"line":317,"column":12},"end":{"line":320,"column":13},"skip":true},"79":{"start":{"line":318,"column":16},"end":{"line":318,"column":75},"skip":true},"80":{"start":{"line":319,"column":16},"end":{"line":319,"column":23},"skip":true},"81":{"start":{"line":321,"column":12},"end":{"line":321,"column":38},"skip":true},"82":{"start":{"line":322,"column":12},"end":{"line":322,"column":27},"skip":true},"83":{"start":{"line":324,"column":8},"end":{"line":324,"column":14},"skip":true}},"branchMap":{"1":{"line":39,"type":"binary-expr","locations":[{"start":{"line":39,"column":23},"end":{"line":39,"column":62}},{"start":{"line":40,"column":20},"end":{"line":40,"column":70}},{"start":{"line":41,"column":20},"end":{"line":41,"column":71}},{"start":{"line":42,"column":20},"end":{"line":42,"column":29}}]},"2":{"line":44,"type":"binary-expr","locations":[{"start":{"line":44,"column":23},"end":{"line":44,"column":37}},{"start":{"line":45,"column":20},"end":{"line":45,"column":61}},{"start":{"line":46,"column":20},"end":{"line":46,"column":70}},{"start":{"line":47,"column":20},"end":{"line":47,"column":26}}]},"3":{"line":51,"type":"cond-expr","locations":[{"start":{"line":52,"column":14},"end":{"line":52,"column":20}},{"start":{"line":53,"column":14},"end":{"line":53,"column":20}}]},"4":{"line":55,"type":"binary-expr","locations":[{"start":{"line":55,"column":16},"end":{"line":55,"column":44}},{"start":{"line":55,"column":49},"end":{"line":57,"column":43}}]},"5":{"line":55,"type":"cond-expr","locations":[{"start":{"line":56,"column":14},"end":{"line":56,"column":52}},{"start":{"line":57,"column":14},"end":{"line":57,"column":43}}]},"6":{"line":61,"type":"switch","locations":[{"start":{"line":68,"column":4},"end":{"line":150,"column":14},"skip":true},{"start":{"line":156,"column":4},"end":{"line":324,"column":14},"skip":true}]},"7":{"line":70,"type":"if","locations":[{"start":{"line":70,"column":12},"end":{"line":70,"column":12},"skip":true},{"start":{"line":70,"column":12},"end":{"line":70,"column":12},"skip":true}]},"8":{"line":70,"type":"binary-expr","locations":[{"start":{"line":70,"column":16},"end":{"line":70,"column":22},"skip":true},{"start":{"line":70,"column":27},"end":{"line":70,"column":32},"skip":true},{"start":{"line":71,"column":20},"end":{"line":71,"column":39},"skip":true},{"start":{"line":72,"column":20},"end":{"line":72,"column":49},"skip":true},{"start":{"line":73,"column":20},"end":{"line":73,"column":58},"skip":true},{"start":{"line":74,"column":20},"end":{"line":74,"column":69},"skip":true}]},"9":{"line":79,"type":"switch","locations":[{"start":{"line":80,"column":20},"end":{"line":80,"column":33},"skip":true},{"start":{"line":81,"column":20},"end":{"line":83,"column":30},"skip":true},{"start":{"line":84,"column":20},"end":{"line":85,"column":49},"skip":true}]},"10":{"line":89,"type":"switch","locations":[{"start":{"line":90,"column":12},"end":{"line":103,"column":22},"skip":true},{"start":{"line":105,"column":12},"end":{"line":106,"column":22},"skip":true}]},"11":{"line":89,"type":"binary-expr","locations":[{"start":{"line":89,"column":20},"end":{"line":89,"column":25},"skip":true},{"start":{"line":89,"column":29},"end":{"line":89,"column":48},"skip":true},{"start":{"line":89,"column":52},"end":{"line":89,"column":74},"skip":true}]},"12":{"line":92,"type":"if","locations":[{"start":{"line":92,"column":16},"end":{"line":92,"column":16},"skip":true},{"start":{"line":92,"column":16},"end":{"line":92,"column":16},"skip":true}]},"13":{"line":108,"type":"if","locations":[{"start":{"line":108,"column":12},"end":{"line":108,"column":12},"skip":true},{"start":{"line":108,"column":12},"end":{"line":108,"column":12},"skip":true}]},"14":{"line":108,"type":"binary-expr","locations":[{"start":{"line":108,"column":16},"end":{"line":108,"column":61},"skip":true},{"start":{"line":108,"column":66},"end":{"line":108,"column":72},"skip":true},{"start":{"line":108,"column":77},"end":{"line":108,"column":82},"skip":true},{"start":{"line":109,"column":20},"end":{"line":109,"column":39},"skip":true},{"start":{"line":110,"column":20},"end":{"line":110,"column":49},"skip":true},{"start":{"line":111,"column":20},"end":{"line":111,"column":58},"skip":true},{"start":{"line":112,"column":20},"end":{"line":112,"column":68},"skip":true}]},"15":{"line":129,"type":"if","locations":[{"start":{"line":129,"column":16},"end":{"line":129,"column":16},"skip":true},{"start":{"line":129,"column":16},"end":{"line":129,"column":16},"skip":true}]},"16":{"line":134,"type":"cond-expr","locations":[{"start":{"line":135,"column":26},"end":{"line":135,"column":29},"skip":true},{"start":{"line":136,"column":26},"end":{"line":136,"column":54},"skip":true}]},"17":{"line":164,"type":"binary-expr","locations":[{"start":{"line":164,"column":27},"end":{"line":164,"column":43},"skip":true},{"start":{"line":164,"column":47},"end":{"line":164,"column":49},"skip":true}]},"18":{"line":258,"type":"if","locations":[{"start":{"line":258,"column":8},"end":{"line":258,"column":8},"skip":true},{"start":{"line":258,"column":8},"end":{"line":258,"column":8},"skip":true}]},"19":{"line":275,"type":"switch","locations":[{"start":{"line":276,"column":20},"end":{"line":277,"column":64},"skip":true},{"start":{"line":278,"column":20},"end":{"line":279,"column":40},"skip":true},{"start":{"line":280,"column":20},"end":{"line":281,"column":40},"skip":true},{"start":{"line":282,"column":20},"end":{"line":283,"column":39},"skip":true}]},"20":{"line":288,"type":"if","locations":[{"start":{"line":288,"column":8},"end":{"line":288,"column":8},"skip":true},{"start":{"line":288,"column":8},"end":{"line":288,"column":8},"skip":true}]},"21":{"line":288,"type":"binary-expr","locations":[{"start":{"line":288,"column":12},"end":{"line":288,"column":40},"skip":true},{"start":{"line":288,"column":44},"end":{"line":288,"column":67},"skip":true}]},"22":{"line":292,"type":"binary-expr","locations":[{"start":{"line":292,"column":12},"end":{"line":292,"column":50},"skip":true},{"start":{"line":293,"column":12},"end":{"line":293,"column":53},"skip":true}]},"23":{"line":297,"type":"binary-expr","locations":[{"start":{"line":297,"column":12},"end":{"line":297,"column":66},"skip":true},{"start":{"line":298,"column":12},"end":{"line":301,"column":36},"skip":true}]},"24":{"line":303,"type":"binary-expr","locations":[{"start":{"line":303,"column":43},"end":{"line":303,"column":75},"skip":true},{"start":{"line":303,"column":79},"end":{"line":303,"column":81},"skip":true}]},"25":{"line":306,"type":"if","locations":[{"start":{"line":306,"column":8},"end":{"line":306,"column":8},"skip":true},{"start":{"line":306,"column":8},"end":{"line":306,"column":8},"skip":true}]},"26":{"line":310,"type":"if","locations":[{"start":{"line":310,"column":8},"end":{"line":310,"column":8},"skip":true},{"start":{"line":310,"column":8},"end":{"line":310,"column":8},"skip":true}]},"27":{"line":313,"type":"binary-expr","locations":[{"start":{"line":313,"column":27},"end":{"line":313,"column":43},"skip":true},{"start":{"line":313,"column":47},"end":{"line":313,"column":53},"skip":true}]},"28":{"line":317,"type":"if","locations":[{"start":{"line":317,"column":12},"end":{"line":317,"column":12},"skip":true},{"start":{"line":317,"column":12},"end":{"line":317,"column":12},"skip":true}]}},"code":["/*","example.js","","quickstart example","","instruction","    1. save this script as example.js","    2. run the shell command:","        $ npm install npmtest-epub-gen && PORT=8081 node example.js","    3. play with the browser-demo on http://127.0.0.1:8081","*/","","","","/* istanbul instrument in package npmtest_epub_gen */","/*jslint","    bitwise: true,","    browser: true,","    maxerr: 8,","    maxlen: 96,","    node: true,","    nomen: true,","    regexp: true,","    stupid: true","*/","(function () {","    'use strict';","    var local;","","","","    // run shared js-env code - init-before","    (function () {","        // init local","        local = {};","        // init modeJs","        local.modeJs = (function () {","            try {","                return typeof navigator.userAgent === 'string' &&","                    typeof document.querySelector('body') === 'object' &&","                    typeof XMLHttpRequest.prototype.open === 'function' &&","                    'browser';","            } catch (errorCaughtBrowser) {","                return module.exports &&","                    typeof process.versions.node === 'string' &&","                    typeof require('http').createServer === 'function' &&","                    'node';","            }","        }());","        // init global","        local.global = local.modeJs === 'browser'","            ? window","            : global;","        // init utility2_rollup","        local = local.global.utility2_rollup || (local.modeJs === 'browser'","            ? local.global.utility2_npmtest_epub_gen","            : global.utility2_moduleExports);","        // export local","        local.global.local = local;","    }());","    switch (local.modeJs) {","","","","    // init-after","    // run browser js-env code - init-after","    /* istanbul ignore next */","    case 'browser':","        local.testRunBrowser = function (event) {","            if (!event || (event &&","                    event.currentTarget &&","                    event.currentTarget.className &&","                    event.currentTarget.className.includes &&","                    event.currentTarget.className.includes('onreset'))) {","                // reset output","                Array.from(","                    document.querySelectorAll('body > .resettable')","                ).forEach(function (element) {","                    switch (element.tagName) {","                    case 'INPUT':","                    case 'TEXTAREA':","                        element.value = '';","                        break;","                    default:","                        element.textContent = '';","                    }","                });","            }","            switch (event && event.currentTarget && event.currentTarget.id) {","            case 'testRunButton1':","                // show tests","                if (document.querySelector('#testReportDiv1').style.display === 'none') {","                    document.querySelector('#testReportDiv1').style.display = 'block';","                    document.querySelector('#testRunButton1').textContent =","                        'hide internal test';","                    local.modeTest = true;","                    local.testRunDefault(local);","                // hide tests","                } else {","                    document.querySelector('#testReportDiv1').style.display = 'none';","                    document.querySelector('#testRunButton1').textContent = 'run internal test';","                }","                break;","            // custom-case","            default:","                break;","            }","            if (document.querySelector('#inputTextareaEval1') && (!event || (event &&","                    event.currentTarget &&","                    event.currentTarget.className &&","                    event.currentTarget.className.includes &&","                    event.currentTarget.className.includes('oneval')))) {","                // try to eval input-code","                try {","                    /*jslint evil: true*/","                    eval(document.querySelector('#inputTextareaEval1').value);","                } catch (errorCaught) {","                    console.error(errorCaught);","                }","            }","        };","        // log stderr and stdout to #outputTextareaStdout1","        ['error', 'log'].forEach(function (key) {","            console[key + '_original'] = console[key];","            console[key] = function () {","                var element;","                console[key + '_original'].apply(console, arguments);","                element = document.querySelector('#outputTextareaStdout1');","                if (!element) {","                    return;","                }","                // append text to #outputTextareaStdout1","                element.value += Array.from(arguments).map(function (arg) {","                    return typeof arg === 'string'","                        ? arg","                        : JSON.stringify(arg, null, 4);","                }).join(' ') + '\\n';","                // scroll textarea to bottom","                element.scrollTop = element.scrollHeight;","            };","        });","        // init event-handling","        ['change', 'click', 'keyup'].forEach(function (event) {","            Array.from(document.querySelectorAll('.on' + event)).forEach(function (element) {","                element.addEventListener(event, local.testRunBrowser);","            });","        });","        // run tests","        local.testRunBrowser();","        break;","","","","    // run node js-env code - init-after","    /* istanbul ignore next */","    case 'node':","        // export local","        module.exports = local;","        // require modules","        local.fs = require('fs');","        local.http = require('http');","        local.url = require('url');","        // init assets","        local.assetsDict = local.assetsDict || {};","        /* jslint-ignore-begin */","        local.assetsDict['/assets.index.template.html'] = '\\","<!doctype html>\\n\\","<html lang=\"en\">\\n\\","<head>\\n\\","<meta charset=\"UTF-8\">\\n\\","<meta name=\"viewport\" content=\"width=device-width, initial-scale=1\">\\n\\","<title>{{env.npm_package_name}} (v{{env.npm_package_version}})</title>\\n\\","<style>\\n\\","/*csslint\\n\\","    box-sizing: false,\\n\\","    universal-selector: false\\n\\","*/\\n\\","* {\\n\\","    box-sizing: border-box;\\n\\","}\\n\\","body {\\n\\","    background: #dde;\\n\\","    font-family: Arial, Helvetica, sans-serif;\\n\\","    margin: 2rem;\\n\\","}\\n\\","body > * {\\n\\","    margin-bottom: 1rem;\\n\\","}\\n\\",".utility2FooterDiv {\\n\\","    margin-top: 20px;\\n\\","    text-align: center;\\n\\","}\\n\\","</style>\\n\\","<style>\\n\\","/*csslint\\n\\","*/\\n\\","textarea {\\n\\","    font-family: monospace;\\n\\","    height: 10rem;\\n\\","    width: 100%;\\n\\","}\\n\\","textarea[readonly] {\\n\\","    background: #ddd;\\n\\","}\\n\\","</style>\\n\\","</head>\\n\\","<body>\\n\\","<!-- utility2-comment\\n\\","<div id=\"ajaxProgressDiv1\" style=\"background: #d00; height: 2px; left: 0; margin: 0; padding: 0; position: fixed; top: 0; transition: background 0.5s, width 1.5s; width: 25%;\"></div>\\n\\","utility2-comment -->\\n\\","<h1>\\n\\","<!-- utility2-comment\\n\\","    <a\\n\\","        {{#if env.npm_package_homepage}}\\n\\","        href=\"{{env.npm_package_homepage}}\"\\n\\","        {{/if env.npm_package_homepage}}\\n\\","        target=\"_blank\"\\n\\","    >\\n\\","utility2-comment -->\\n\\","        {{env.npm_package_name}} (v{{env.npm_package_version}})\\n\\","<!-- utility2-comment\\n\\","    </a>\\n\\","utility2-comment -->\\n\\","</h1>\\n\\","<h3>{{env.npm_package_description}}</h3>\\n\\","<!-- utility2-comment\\n\\","<h4><a download href=\"assets.app.js\">download standalone app</a></h4>\\n\\","<button class=\"onclick onreset\" id=\"testRunButton1\">run internal test</button><br>\\n\\","<div id=\"testReportDiv1\" style=\"display: none;\"></div>\\n\\","utility2-comment -->\\n\\","\\n\\","\\n\\","\\n\\","<label>stderr and stdout</label>\\n\\","<textarea class=\"resettable\" id=\"outputTextareaStdout1\" readonly></textarea>\\n\\","<!-- utility2-comment\\n\\","{{#if isRollup}}\\n\\","<script src=\"assets.app.js\"></script>\\n\\","{{#unless isRollup}}\\n\\","utility2-comment -->\\n\\","<script src=\"assets.utility2.rollup.js\"></script>\\n\\","<script src=\"jsonp.utility2._stateInit?callback=window.utility2._stateInit\"></script>\\n\\","<script src=\"assets.npmtest_epub_gen.rollup.js\"></script>\\n\\","<script src=\"assets.example.js\"></script>\\n\\","<script src=\"assets.test.js\"></script>\\n\\","<!-- utility2-comment\\n\\","{{/if isRollup}}\\n\\","utility2-comment -->\\n\\","<div class=\"utility2FooterDiv\">\\n\\","    [ this app was created with\\n\\","    <a href=\"https://github.com/kaizhu256/node-utility2\" target=\"_blank\">utility2</a>\\n\\","    ]\\n\\","</div>\\n\\","</body>\\n\\","</html>\\n\\","';","        /* jslint-ignore-end */","        if (local.templateRender) {","            local.assetsDict['/'] = local.templateRender(","                local.assetsDict['/assets.index.template.html'],","                {","                    env: local.objectSetDefault(local.env, {","                        npm_package_description: 'the greatest app in the world!',","                        npm_package_name: 'my-app',","                        npm_package_nameAlias: 'my_app',","                        npm_package_version: '0.0.1'","                    })","                }","            );","        } else {","            local.assetsDict['/'] = local.assetsDict['/assets.index.template.html']","                .replace((/\\{\\{env\\.(\\w+?)\\}\\}/g), function (match0, match1) {","                    // jslint-hack","                    String(match0);","                    switch (match1) {","                    case 'npm_package_description':","                        return 'the greatest app in the world!';","                    case 'npm_package_name':","                        return 'my-app';","                    case 'npm_package_nameAlias':","                        return 'my_app';","                    case 'npm_package_version':","                        return '0.0.1';","                    }","                });","        }","        // run the cli","        if (local.global.utility2_rollup || module !== require.main) {","            break;","        }","        local.assetsDict['/assets.example.js'] =","            local.assetsDict['/assets.example.js'] ||","            local.fs.readFileSync(__filename, 'utf8');","        // bug-workaround - long $npm_package_buildCustomOrg","        /* jslint-ignore-begin */","        local.assetsDict['/assets.npmtest_epub_gen.rollup.js'] =","            local.assetsDict['/assets.npmtest_epub_gen.rollup.js'] ||","            local.fs.readFileSync(","                local.npmtest_epub_gen.__dirname + '/lib.npmtest_epub_gen.js',","                'utf8'","            ).replace((/^#!/), '//');","        /* jslint-ignore-end */","        local.assetsDict['/favicon.ico'] = local.assetsDict['/favicon.ico'] || '';","        // if $npm_config_timeout_exit exists,","        // then exit this process after $npm_config_timeout_exit ms","        if (Number(process.env.npm_config_timeout_exit)) {","            setTimeout(process.exit, Number(process.env.npm_config_timeout_exit));","        }","        // start server","        if (local.global.utility2_serverHttp1) {","            break;","        }","        process.env.PORT = process.env.PORT || '8081';","        console.error('server starting on port ' + process.env.PORT);","        local.http.createServer(function (request, response) {","            request.urlParsed = local.url.parse(request.url);","            if (local.assetsDict[request.urlParsed.pathname] !== undefined) {","                response.end(local.assetsDict[request.urlParsed.pathname]);","                return;","            }","            response.statusCode = 404;","            response.end();","        }).listen(process.env.PORT);","        break;","    }","}());",""],"l":{"26":2,"28":2,"33":2,"35":2,"37":2,"38":2,"39":2,"44":1,"51":2,"55":2,"59":2,"61":2,"69":1,"70":2,"76":2,"79":2,"82":2,"83":2,"85":1,"89":2,"92":1,"93":1,"94":1,"96":1,"97":1,"100":1,"101":1,"103":1,"106":1,"108":2,"114":1,"116":1,"118":1,"123":1,"124":2,"125":2,"126":3,"127":3,"128":3,"129":3,"130":1,"133":3,"134":3,"139":3,"143":1,"144":3,"145":1,"149":1,"150":1,"158":1,"160":1,"161":1,"162":1,"164":1,"166":1,"258":1,"259":1,"271":1,"274":6,"275":6,"277":1,"279":2,"281":1,"283":2,"288":1,"289":1,"291":1,"296":1,"303":1,"306":1,"307":1,"310":1,"311":1,"313":1,"314":1,"315":1,"316":1,"317":1,"318":1,"319":1,"321":1,"322":1,"324":1}},"/home/travis/build/npmtest/node-npmtest-epub-gen/node_modules/epub-gen/index.js":{"path":"/home/travis/build/npmtest/node-npmtest-epub-gen/node_modules/epub-gen/index.js","s":{"1":1,"2":1},"b":{},"f":{"1":1},"fnMap":{"1":{"name":"(anonymous_1)","line":2,"loc":{"start":{"line":2,"column":1},"end":{"line":2,"column":12}}}},"statementMap":{"1":{"start":{"line":2,"column":0},"end":{"line":5,"column":14}},"2":{"start":{"line":3,"column":2},"end":{"line":3,"column":36}}},"branchMap":{},"code":["// Generated by CoffeeScript 1.10.0","(function() {","  module.exports = require(\"./lib\");","","}).call(this);",""],"l":{"2":1,"3":1}},"/home/travis/build/npmtest/node-npmtest-epub-gen/node_modules/epub-gen/lib/index.js":{"path":"/home/travis/build/npmtest/node-npmtest-epub-gen/node_modules/epub-gen/lib/index.js","s":{"1":1,"2":1,"3":0,"4":0,"5":0,"6":0,"7":1,"8":1,"9":1,"10":1,"11":1,"12":1,"13":1,"14":1,"15":1,"16":1,"17":1,"18":1,"19":1,"20":1,"21":1,"22":0,"23":0,"24":0,"25":0,"26":1,"27":1,"28":0,"29":0,"30":0,"31":0,"32":0,"33":0,"34":0,"35":0,"36":0,"37":0,"38":0,"39":0,"40":0,"41":0,"42":0,"43":0,"44":0,"45":0,"46":0,"47":0,"48":0,"49":0,"50":0,"51":0,"52":0,"53":0,"54":0,"55":0,"56":0,"57":0,"58":0,"59":0,"60":0,"61":0,"62":0,"63":0,"64":0,"65":0,"66":0,"67":0,"68":0,"69":0,"70":0,"71":0,"72":0,"73":0,"74":0,"75":0,"76":0,"77":0,"78":0,"79":0,"80":0,"81":0,"82":0,"83":0,"84":0,"85":0,"86":0,"87":0,"88":0,"89":0,"90":0,"91":0,"92":0,"93":0,"94":0,"95":0,"96":0,"97":0,"98":0,"99":0,"100":0,"101":0,"102":0,"103":0,"104":0,"105":0,"106":0,"107":0,"108":0,"109":0,"110":0,"111":0,"112":0,"113":0,"114":0,"115":1,"116":0,"117":0,"118":0,"119":0,"120":0,"121":0,"122":0,"123":0,"124":0,"125":0,"126":0,"127":0,"128":0,"129":0,"130":0,"131":0,"132":0,"133":1,"134":0,"135":0,"136":0,"137":0,"138":0,"139":0,"140":0,"141":0,"142":0,"143":0,"144":0,"145":0,"146":0,"147":0,"148":0,"149":0,"150":0,"151":0,"152":0,"153":0,"154":0,"155":0,"156":0,"157":0,"158":0,"159":0,"160":0,"161":0,"162":0,"163":0,"164":0,"165":0,"166":0,"167":0,"168":0,"169":0,"170":0,"171":0,"172":0,"173":0,"174":0,"175":0,"176":0,"177":0,"178":0,"179":0,"180":0,"181":0,"182":0,"183":0,"184":0,"185":0,"186":1,"187":0,"188":0,"189":0,"190":0,"191":0,"192":0,"193":0,"194":0,"195":0,"196":0,"197":0,"198":0,"199":0,"200":0,"201":0,"202":0,"203":0,"204":0,"205":0,"206":1,"207":0,"208":0,"209":0,"210":0,"211":0,"212":0,"213":0,"214":0,"215":0,"216":0,"217":0,"218":0,"219":0,"220":0,"221":0,"222":0,"223":0,"224":0,"225":0,"226":0,"227":0,"228":0,"229":0,"230":0,"231":1,"232":0,"233":0,"234":0,"235":0,"236":0,"237":0,"238":0,"239":0,"240":0,"241":0,"242":0,"243":0,"244":1,"245":0,"246":0,"247":0,"248":0,"249":0,"250":0,"251":0,"252":0,"253":0,"254":0,"255":0,"256":0,"257":0,"258":0,"259":0,"260":0,"261":0,"262":0,"263":0,"264":0,"265":0,"266":1,"267":1},"b":{"1":[1,0],"2":[0,0],"3":[0,0],"4":[0,0],"5":[0,0],"6":[0,0],"7":[0,0],"8":[0,0],"9":[0,0],"10":[0,0],"11":[0,0],"12":[0,0],"13":[0,0],"14":[0,0],"15":[0,0],"16":[0,0],"17":[0,0],"18":[0,0],"19":[0,0],"20":[0,0],"21":[0,0],"22":[0,0],"23":[0,0],"24":[0,0],"25":[0,0,0],"26":[0,0],"27":[0,0],"28":[0,0],"29":[0,0],"30":[0,0],"31":[0,0],"32":[0,0],"33":[0,0],"34":[0,0],"35":[0,0],"36":[0,0],"37":[0,0],"38":[0,0],"39":[0,0],"40":[0,0],"41":[0,0],"42":[0,0,0],"43":[0,0],"44":[0,0],"45":[0,0],"46":[0,0],"47":[0,0],"48":[0,0],"49":[0,0],"50":[0,0],"51":[0,0],"52":[0,0],"53":[0,0],"54":[0,0],"55":[0,0],"56":[0,0],"57":[0,0],"58":[0,0],"59":[0,0]},"f":{"1":1,"2":0,"3":0,"4":0,"5":1,"6":0,"7":0,"8":0,"9":0,"10":0,"11":0,"12":0,"13":0,"14":0,"15":0,"16":0,"17":0,"18":0,"19":0,"20":0,"21":0,"22":0,"23":0,"24":0,"25":0,"26":0,"27":0,"28":0,"29":0,"30":0,"31":0,"32":0,"33":0,"34":0,"35":0,"36":0},"fnMap":{"1":{"name":"(anonymous_1)","line":2,"loc":{"start":{"line":2,"column":1},"end":{"line":2,"column":12}}},"2":{"name":"(anonymous_2)","line":4,"loc":{"start":{"line":4,"column":28},"end":{"line":4,"column":43}}},"3":{"name":"(anonymous_3)","line":34,"loc":{"start":{"line":34,"column":9},"end":{"line":34,"column":20}}},"4":{"name":"(anonymous_4)","line":35,"loc":{"start":{"line":35,"column":67},"end":{"line":35,"column":79}}},"5":{"name":"(anonymous_5)","line":42,"loc":{"start":{"line":42,"column":10},"end":{"line":42,"column":21}}},"6":{"name":"EPub","line":43,"loc":{"start":{"line":43,"column":4},"end":{"line":43,"column":35}}},"7":{"name":"(anonymous_7)","line":94,"loc":{"start":{"line":94,"column":57},"end":{"line":94,"column":82}}},"8":{"name":"(anonymous_8)","line":129,"loc":{"start":{"line":129,"column":39},"end":{"line":129,"column":65}}},"9":{"name":"(anonymous_9)","line":161,"loc":{"start":{"line":161,"column":22},"end":{"line":161,"column":44}}},"10":{"name":"(anonymous_10)","line":188,"loc":{"start":{"line":188,"column":28},"end":{"line":188,"column":39}}},"11":{"name":"(anonymous_11)","line":192,"loc":{"start":{"line":192,"column":42},"end":{"line":192,"column":53}}},"12":{"name":"(anonymous_12)","line":194,"loc":{"start":{"line":194,"column":43},"end":{"line":194,"column":54}}},"13":{"name":"(anonymous_13)","line":196,"loc":{"start":{"line":196,"column":39},"end":{"line":196,"column":50}}},"14":{"name":"(anonymous_14)","line":198,"loc":{"start":{"line":198,"column":39},"end":{"line":198,"column":56}}},"15":{"name":"(anonymous_15)","line":202,"loc":{"start":{"line":202,"column":15},"end":{"line":202,"column":29}}},"16":{"name":"(anonymous_16)","line":205,"loc":{"start":{"line":205,"column":13},"end":{"line":205,"column":27}}},"17":{"name":"(anonymous_17)","line":208,"loc":{"start":{"line":208,"column":11},"end":{"line":208,"column":25}}},"18":{"name":"(anonymous_18)","line":211,"loc":{"start":{"line":211,"column":9},"end":{"line":211,"column":23}}},"19":{"name":"(anonymous_19)","line":216,"loc":{"start":{"line":216,"column":38},"end":{"line":216,"column":49}}},"20":{"name":"(anonymous_20)","line":229,"loc":{"start":{"line":229,"column":55},"end":{"line":229,"column":70}}},"21":{"name":"(anonymous_21)","line":240,"loc":{"start":{"line":240,"column":35},"end":{"line":240,"column":53}}},"22":{"name":"(anonymous_22)","line":270,"loc":{"start":{"line":270,"column":175},"end":{"line":270,"column":205}}},"23":{"name":"(anonymous_23)","line":275,"loc":{"start":{"line":275,"column":9},"end":{"line":275,"column":23}}},"24":{"name":"(anonymous_24)","line":282,"loc":{"start":{"line":282,"column":31},"end":{"line":282,"column":42}}},"25":{"name":"(anonymous_25)","line":298,"loc":{"start":{"line":298,"column":30},"end":{"line":298,"column":41}}},"26":{"name":"(anonymous_26)","line":302,"loc":{"start":{"line":302,"column":32},"end":{"line":302,"column":46}}},"27":{"name":"(anonymous_27)","line":312,"loc":{"start":{"line":312,"column":35},"end":{"line":312,"column":53}}},"28":{"name":"(anonymous_28)","line":335,"loc":{"start":{"line":335,"column":34},"end":{"line":335,"column":48}}},"29":{"name":"(anonymous_29)","line":340,"loc":{"start":{"line":340,"column":32},"end":{"line":340,"column":43}}},"30":{"name":"(anonymous_30)","line":348,"loc":{"start":{"line":348,"column":38},"end":{"line":348,"column":49}}},"31":{"name":"(anonymous_31)","line":357,"loc":{"start":{"line":357,"column":36},"end":{"line":357,"column":52}}},"32":{"name":"(anonymous_32)","line":360,"loc":{"start":{"line":360,"column":30},"end":{"line":360,"column":41}}},"33":{"name":"(anonymous_33)","line":367,"loc":{"start":{"line":367,"column":29},"end":{"line":367,"column":40}}},"34":{"name":"(anonymous_34)","line":386,"loc":{"start":{"line":386,"column":24},"end":{"line":386,"column":35}}},"35":{"name":"(anonymous_35)","line":388,"loc":{"start":{"line":388,"column":27},"end":{"line":388,"column":41}}},"36":{"name":"(anonymous_36)","line":396,"loc":{"start":{"line":396,"column":26},"end":{"line":396,"column":40}}}},"statementMap":{"1":{"start":{"line":2,"column":0},"end":{"line":409,"column":14}},"2":{"start":{"line":3,"column":2},"end":{"line":4,"column":152}},"3":{"start":{"line":4,"column":45},"end":{"line":4,"column":138}},"4":{"start":{"line":4,"column":92},"end":{"line":4,"column":136}},"5":{"start":{"line":4,"column":127},"end":{"line":4,"column":136}},"6":{"start":{"line":4,"column":139},"end":{"line":4,"column":149}},"7":{"start":{"line":6,"column":2},"end":{"line":6,"column":25}},"8":{"start":{"line":8,"column":2},"end":{"line":8,"column":21}},"9":{"start":{"line":10,"column":2},"end":{"line":10,"column":19}},"10":{"start":{"line":12,"column":2},"end":{"line":12,"column":28}},"11":{"start":{"line":14,"column":2},"end":{"line":14,"column":27}},"12":{"start":{"line":16,"column":2},"end":{"line":16,"column":23}},"13":{"start":{"line":18,"column":2},"end":{"line":18,"column":31}},"14":{"start":{"line":20,"column":2},"end":{"line":20,"column":33}},"15":{"start":{"line":22,"column":2},"end":{"line":22,"column":34}},"16":{"start":{"line":24,"column":2},"end":{"line":24,"column":32}},"17":{"start":{"line":26,"column":2},"end":{"line":26,"column":50}},"18":{"start":{"line":28,"column":2},"end":{"line":28,"column":25}},"19":{"start":{"line":30,"column":2},"end":{"line":30,"column":33}},"20":{"start":{"line":32,"column":2},"end":{"line":32,"column":29}},"21":{"start":{"line":34,"column":2},"end":{"line":40,"column":4}},"22":{"start":{"line":35,"column":4},"end":{"line":39,"column":7}},"23":{"start":{"line":36,"column":6},"end":{"line":36,"column":12}},"24":{"start":{"line":37,"column":6},"end":{"line":37,"column":33}},"25":{"start":{"line":38,"column":6},"end":{"line":38,"column":58}},"26":{"start":{"line":42,"column":2},"end":{"line":405,"column":7}},"27":{"start":{"line":43,"column":4},"end":{"line":186,"column":5}},"28":{"start":{"line":44,"column":6},"end":{"line":44,"column":15}},"29":{"start":{"line":45,"column":6},"end":{"line":45,"column":29}},"30":{"start":{"line":46,"column":6},"end":{"line":46,"column":18}},"31":{"start":{"line":47,"column":6},"end":{"line":47,"column":33}},"32":{"start":{"line":48,"column":6},"end":{"line":50,"column":7}},"33":{"start":{"line":49,"column":8},"end":{"line":49,"column":37}},"34":{"start":{"line":51,"column":6},"end":{"line":55,"column":7}},"35":{"start":{"line":52,"column":8},"end":{"line":52,"column":51}},"36":{"start":{"line":53,"column":8},"end":{"line":53,"column":55}},"37":{"start":{"line":54,"column":8},"end":{"line":54,"column":15}},"38":{"start":{"line":56,"column":6},"end":{"line":60,"column":7}},"39":{"start":{"line":57,"column":8},"end":{"line":57,"column":72}},"40":{"start":{"line":58,"column":8},"end":{"line":58,"column":76}},"41":{"start":{"line":59,"column":8},"end":{"line":59,"column":15}},"42":{"start":{"line":61,"column":6},"end":{"line":74,"column":18}},"43":{"start":{"line":75,"column":6},"end":{"line":79,"column":7}},"44":{"start":{"line":76,"column":8},"end":{"line":76,"column":263}},"45":{"start":{"line":78,"column":8},"end":{"line":78,"column":177}},"46":{"start":{"line":80,"column":6},"end":{"line":82,"column":7}},"47":{"start":{"line":81,"column":8},"end":{"line":81,"column":52}},"48":{"start":{"line":83,"column":6},"end":{"line":85,"column":7}},"49":{"start":{"line":84,"column":8},"end":{"line":84,"column":44}},"50":{"start":{"line":86,"column":6},"end":{"line":88,"column":7}},"51":{"start":{"line":87,"column":8},"end":{"line":87,"column":70}},"52":{"start":{"line":89,"column":6},"end":{"line":89,"column":23}},"53":{"start":{"line":90,"column":6},"end":{"line":90,"column":62}},"54":{"start":{"line":91,"column":6},"end":{"line":91,"column":36}},"55":{"start":{"line":92,"column":6},"end":{"line":92,"column":32}},"56":{"start":{"line":93,"column":6},"end":{"line":93,"column":31}},"57":{"start":{"line":94,"column":6},"end":{"line":179,"column":9}},"58":{"start":{"line":95,"column":8},"end":{"line":95,"column":64}},"59":{"start":{"line":96,"column":8},"end":{"line":108,"column":9}},"60":{"start":{"line":97,"column":10},"end":{"line":97,"column":75}},"61":{"start":{"line":98,"column":10},"end":{"line":98,"column":60}},"62":{"start":{"line":99,"column":10},"end":{"line":99,"column":102}},"63":{"start":{"line":101,"column":10},"end":{"line":101,"column":109}},"64":{"start":{"line":102,"column":10},"end":{"line":102,"column":36}},"65":{"start":{"line":103,"column":10},"end":{"line":107,"column":11}},"66":{"start":{"line":104,"column":12},"end":{"line":104,"column":86}},"67":{"start":{"line":106,"column":12},"end":{"line":106,"column":97}},"68":{"start":{"line":109,"column":8},"end":{"line":109,"column":37}},"69":{"start":{"line":110,"column":8},"end":{"line":110,"column":53}},"70":{"start":{"line":111,"column":8},"end":{"line":111,"column":67}},"71":{"start":{"line":112,"column":8},"end":{"line":112,"column":57}},"72":{"start":{"line":113,"column":8},"end":{"line":113,"column":159}},"73":{"start":{"line":114,"column":8},"end":{"line":114,"column":1863}},"74":{"start":{"line":115,"column":8},"end":{"line":115,"column":590}},"75":{"start":{"line":116,"column":8},"end":{"line":116,"column":56}},"76":{"start":{"line":117,"column":8},"end":{"line":121,"column":11}},"77":{"start":{"line":122,"column":8},"end":{"line":128,"column":9}},"78":{"start":{"line":123,"column":10},"end":{"line":127,"column":13}},"79":{"start":{"line":129,"column":8},"end":{"line":160,"column":11}},"80":{"start":{"line":130,"column":10},"end":{"line":130,"column":50}},"81":{"start":{"line":131,"column":10},"end":{"line":131,"column":31}},"82":{"start":{"line":132,"column":10},"end":{"line":132,"column":22}},"83":{"start":{"line":133,"column":10},"end":{"line":138,"column":11}},"84":{"start":{"line":134,"column":12},"end":{"line":134,"column":29}},"85":{"start":{"line":135,"column":12},"end":{"line":137,"column":13}},"86":{"start":{"line":136,"column":14},"end":{"line":136,"column":78}},"87":{"start":{"line":139,"column":10},"end":{"line":150,"column":11}},"88":{"start":{"line":140,"column":12},"end":{"line":140,"column":25}},"89":{"start":{"line":141,"column":12},"end":{"line":149,"column":13}},"90":{"start":{"line":142,"column":14},"end":{"line":146,"column":15}},"91":{"start":{"line":143,"column":16},"end":{"line":145,"column":17}},"92":{"start":{"line":144,"column":18},"end":{"line":144,"column":40}},"93":{"start":{"line":148,"column":14},"end":{"line":148,"column":36}},"94":{"start":{"line":151,"column":10},"end":{"line":159,"column":11}},"95":{"start":{"line":152,"column":12},"end":{"line":158,"column":13}},"96":{"start":{"line":155,"column":14},"end":{"line":155,"column":120}},"97":{"start":{"line":156,"column":14},"end":{"line":156,"column":37}},"98":{"start":{"line":157,"column":14},"end":{"line":157,"column":72}},"99":{"start":{"line":161,"column":8},"end":{"line":176,"column":11}},"100":{"start":{"line":162,"column":10},"end":{"line":162,"column":49}},"101":{"start":{"line":163,"column":10},"end":{"line":163,"column":36}},"102":{"start":{"line":164,"column":10},"end":{"line":164,"column":22}},"103":{"start":{"line":165,"column":10},"end":{"line":165,"column":39}},"104":{"start":{"line":166,"column":10},"end":{"line":166,"column":48}},"105":{"start":{"line":167,"column":10},"end":{"line":167,"column":64}},"106":{"start":{"line":168,"column":10},"end":{"line":168,"column":28}},"107":{"start":{"line":169,"column":10},"end":{"line":175,"column":13}},"108":{"start":{"line":177,"column":8},"end":{"line":177,"column":31}},"109":{"start":{"line":178,"column":8},"end":{"line":178,"column":23}},"110":{"start":{"line":180,"column":6},"end":{"line":183,"column":7}},"111":{"start":{"line":181,"column":8},"end":{"line":181,"column":71}},"112":{"start":{"line":182,"column":8},"end":{"line":182,"column":84}},"113":{"start":{"line":184,"column":6},"end":{"line":184,"column":20}},"114":{"start":{"line":185,"column":6},"end":{"line":185,"column":40}},"115":{"start":{"line":188,"column":4},"end":{"line":214,"column":6}},"116":{"start":{"line":189,"column":6},"end":{"line":189,"column":15}},"117":{"start":{"line":190,"column":6},"end":{"line":190,"column":18}},"118":{"start":{"line":191,"column":6},"end":{"line":191,"column":52}},"119":{"start":{"line":192,"column":6},"end":{"line":213,"column":9}},"120":{"start":{"line":193,"column":8},"end":{"line":193,"column":45}},"121":{"start":{"line":194,"column":8},"end":{"line":210,"column":11}},"122":{"start":{"line":195,"column":10},"end":{"line":195,"column":41}},"123":{"start":{"line":196,"column":10},"end":{"line":207,"column":13}},"124":{"start":{"line":197,"column":12},"end":{"line":197,"column":52}},"125":{"start":{"line":198,"column":12},"end":{"line":204,"column":15}},"126":{"start":{"line":199,"column":14},"end":{"line":199,"column":48}},"127":{"start":{"line":200,"column":14},"end":{"line":200,"column":41}},"128":{"start":{"line":201,"column":14},"end":{"line":201,"column":42}},"129":{"start":{"line":203,"column":14},"end":{"line":203,"column":44}},"130":{"start":{"line":206,"column":12},"end":{"line":206,"column":42}},"131":{"start":{"line":209,"column":10},"end":{"line":209,"column":40}},"132":{"start":{"line":212,"column":8},"end":{"line":212,"column":38}},"133":{"start":{"line":216,"column":4},"end":{"line":280,"column":6}},"134":{"start":{"line":217,"column":6},"end":{"line":217,"column":70}},"135":{"start":{"line":218,"column":6},"end":{"line":218,"column":36}},"136":{"start":{"line":219,"column":6},"end":{"line":219,"column":18}},"137":{"start":{"line":220,"column":6},"end":{"line":222,"column":7}},"138":{"start":{"line":221,"column":8},"end":{"line":221,"column":43}},"139":{"start":{"line":223,"column":6},"end":{"line":223,"column":30}},"140":{"start":{"line":224,"column":6},"end":{"line":224,"column":55}},"141":{"start":{"line":225,"column":6},"end":{"line":225,"column":118}},"142":{"start":{"line":226,"column":6},"end":{"line":226,"column":87}},"143":{"start":{"line":227,"column":6},"end":{"line":239,"column":7}},"144":{"start":{"line":228,"column":8},"end":{"line":228,"column":63}},"145":{"start":{"line":229,"column":8},"end":{"line":238,"column":11}},"146":{"start":{"line":230,"column":10},"end":{"line":230,"column":23}},"147":{"start":{"line":231,"column":10},"end":{"line":234,"column":11}},"148":{"start":{"line":232,"column":12},"end":{"line":232,"column":86}},"149":{"start":{"line":233,"column":12},"end":{"line":233,"column":41}},"150":{"start":{"line":235,"column":10},"end":{"line":235,"column":41}},"151":{"start":{"line":236,"column":10},"end":{"line":236,"column":87}},"152":{"start":{"line":237,"column":10},"end":{"line":237,"column":26}},"153":{"start":{"line":240,"column":6},"end":{"line":248,"column":9}},"154":{"start":{"line":241,"column":8},"end":{"line":241,"column":17}},"155":{"start":{"line":242,"column":8},"end":{"line":242,"column":238}},"156":{"start":{"line":243,"column":8},"end":{"line":243,"column":128}},"157":{"start":{"line":244,"column":8},"end":{"line":244,"column":165}},"158":{"start":{"line":245,"column":8},"end":{"line":245,"column":133}},"159":{"start":{"line":246,"column":8},"end":{"line":246,"column":48}},"160":{"start":{"line":247,"column":8},"end":{"line":247,"column":56}},"161":{"start":{"line":249,"column":6},"end":{"line":249,"column":72}},"162":{"start":{"line":250,"column":6},"end":{"line":250,"column":44}},"163":{"start":{"line":251,"column":6},"end":{"line":251,"column":317}},"164":{"start":{"line":252,"column":6},"end":{"line":254,"column":7}},"165":{"start":{"line":253,"column":8},"end":{"line":253,"column":283}},"166":{"start":{"line":255,"column":6},"end":{"line":255,"column":143}},"167":{"start":{"line":256,"column":6},"end":{"line":259,"column":7}},"168":{"start":{"line":257,"column":8},"end":{"line":257,"column":82}},"169":{"start":{"line":258,"column":8},"end":{"line":258,"column":37}},"170":{"start":{"line":260,"column":6},"end":{"line":260,"column":112}},"171":{"start":{"line":261,"column":6},"end":{"line":264,"column":7}},"172":{"start":{"line":262,"column":8},"end":{"line":262,"column":87}},"173":{"start":{"line":263,"column":8},"end":{"line":263,"column":37}},"174":{"start":{"line":265,"column":6},"end":{"line":265,"column":149}},"175":{"start":{"line":266,"column":6},"end":{"line":269,"column":7}},"176":{"start":{"line":267,"column":8},"end":{"line":267,"column":87}},"177":{"start":{"line":268,"column":8},"end":{"line":268,"column":37}},"178":{"start":{"line":270,"column":6},"end":{"line":278,"column":9}},"179":{"start":{"line":271,"column":8},"end":{"line":271,"column":80}},"180":{"start":{"line":272,"column":8},"end":{"line":272,"column":76}},"181":{"start":{"line":273,"column":8},"end":{"line":273,"column":78}},"182":{"start":{"line":274,"column":8},"end":{"line":274,"column":39}},"183":{"start":{"line":276,"column":8},"end":{"line":276,"column":33}},"184":{"start":{"line":277,"column":8},"end":{"line":277,"column":41}},"185":{"start":{"line":279,"column":6},"end":{"line":279,"column":35}},"186":{"start":{"line":282,"column":4},"end":{"line":310,"column":6}},"187":{"start":{"line":283,"column":6},"end":{"line":283,"column":55}},"188":{"start":{"line":284,"column":6},"end":{"line":284,"column":141}},"189":{"start":{"line":285,"column":6},"end":{"line":285,"column":33}},"190":{"start":{"line":286,"column":6},"end":{"line":308,"column":7}},"191":{"start":{"line":287,"column":8},"end":{"line":287,"column":92}},"192":{"start":{"line":288,"column":8},"end":{"line":288,"column":27}},"193":{"start":{"line":289,"column":8},"end":{"line":297,"column":9}},"194":{"start":{"line":290,"column":10},"end":{"line":292,"column":13}},"195":{"start":{"line":293,"column":10},"end":{"line":293,"column":59}},"196":{"start":{"line":295,"column":10},"end":{"line":295,"column":64}},"197":{"start":{"line":296,"column":10},"end":{"line":296,"column":59}},"198":{"start":{"line":298,"column":8},"end":{"line":301,"column":11}},"199":{"start":{"line":299,"column":10},"end":{"line":299,"column":72}},"200":{"start":{"line":300,"column":10},"end":{"line":300,"column":38}},"201":{"start":{"line":302,"column":8},"end":{"line":305,"column":11}},"202":{"start":{"line":303,"column":10},"end":{"line":303,"column":38}},"203":{"start":{"line":304,"column":10},"end":{"line":304,"column":40}},"204":{"start":{"line":307,"column":8},"end":{"line":307,"column":29}},"205":{"start":{"line":309,"column":6},"end":{"line":309,"column":32}},"206":{"start":{"line":312,"column":4},"end":{"line":346,"column":6}},"207":{"start":{"line":313,"column":6},"end":{"line":313,"column":80}},"208":{"start":{"line":314,"column":6},"end":{"line":314,"column":18}},"209":{"start":{"line":315,"column":6},"end":{"line":315,"column":141}},"210":{"start":{"line":316,"column":6},"end":{"line":318,"column":7}},"211":{"start":{"line":317,"column":8},"end":{"line":317,"column":21}},"212":{"start":{"line":319,"column":6},"end":{"line":319,"column":41}},"213":{"start":{"line":320,"column":6},"end":{"line":320,"column":99}},"214":{"start":{"line":321,"column":6},"end":{"line":345,"column":7}},"215":{"start":{"line":322,"column":8},"end":{"line":322,"column":40}},"216":{"start":{"line":323,"column":8},"end":{"line":323,"column":44}},"217":{"start":{"line":324,"column":8},"end":{"line":324,"column":51}},"218":{"start":{"line":326,"column":8},"end":{"line":334,"column":9}},"219":{"start":{"line":327,"column":10},"end":{"line":329,"column":13}},"220":{"start":{"line":330,"column":10},"end":{"line":330,"column":61}},"221":{"start":{"line":332,"column":10},"end":{"line":332,"column":86}},"222":{"start":{"line":333,"column":10},"end":{"line":333,"column":61}},"223":{"start":{"line":335,"column":8},"end":{"line":339,"column":11}},"224":{"start":{"line":336,"column":10},"end":{"line":336,"column":89}},"225":{"start":{"line":337,"column":10},"end":{"line":337,"column":34}},"226":{"start":{"line":338,"column":10},"end":{"line":338,"column":48}},"227":{"start":{"line":340,"column":8},"end":{"line":343,"column":11}},"228":{"start":{"line":341,"column":10},"end":{"line":341,"column":57}},"229":{"start":{"line":342,"column":10},"end":{"line":342,"column":53}},"230":{"start":{"line":344,"column":8},"end":{"line":344,"column":42}},"231":{"start":{"line":348,"column":4},"end":{"line":365,"column":6}},"232":{"start":{"line":349,"column":6},"end":{"line":349,"column":37}},"233":{"start":{"line":350,"column":6},"end":{"line":350,"column":18}},"234":{"start":{"line":351,"column":6},"end":{"line":351,"column":31}},"235":{"start":{"line":352,"column":6},"end":{"line":363,"column":7}},"236":{"start":{"line":353,"column":8},"end":{"line":353,"column":27}},"237":{"start":{"line":355,"column":8},"end":{"line":355,"column":64}},"238":{"start":{"line":356,"column":8},"end":{"line":356,"column":24}},"239":{"start":{"line":357,"column":8},"end":{"line":359,"column":11}},"240":{"start":{"line":358,"column":10},"end":{"line":358,"column":60}},"241":{"start":{"line":360,"column":8},"end":{"line":362,"column":11}},"242":{"start":{"line":361,"column":10},"end":{"line":361,"column":36}},"243":{"start":{"line":364,"column":6},"end":{"line":364,"column":30}},"244":{"start":{"line":367,"column":4},"end":{"line":401,"column":6}},"245":{"start":{"line":368,"column":6},"end":{"line":368,"column":47}},"246":{"start":{"line":369,"column":6},"end":{"line":369,"column":31}},"247":{"start":{"line":370,"column":6},"end":{"line":370,"column":18}},"248":{"start":{"line":371,"column":6},"end":{"line":371,"column":22}},"249":{"start":{"line":372,"column":6},"end":{"line":376,"column":9}},"250":{"start":{"line":377,"column":6},"end":{"line":377,"column":57}},"251":{"start":{"line":378,"column":6},"end":{"line":378,"column":62}},"252":{"start":{"line":379,"column":6},"end":{"line":382,"column":9}},"253":{"start":{"line":383,"column":6},"end":{"line":383,"column":55}},"254":{"start":{"line":384,"column":6},"end":{"line":384,"column":49}},"255":{"start":{"line":385,"column":6},"end":{"line":385,"column":27}},"256":{"start":{"line":386,"column":6},"end":{"line":395,"column":9}},"257":{"start":{"line":387,"column":8},"end":{"line":387,"column":58}},"258":{"start":{"line":388,"column":8},"end":{"line":394,"column":11}},"259":{"start":{"line":389,"column":10},"end":{"line":393,"column":11}},"260":{"start":{"line":390,"column":12},"end":{"line":390,"column":40}},"261":{"start":{"line":392,"column":12},"end":{"line":392,"column":38}},"262":{"start":{"line":396,"column":6},"end":{"line":398,"column":9}},"263":{"start":{"line":397,"column":8},"end":{"line":397,"column":36}},"264":{"start":{"line":399,"column":6},"end":{"line":399,"column":25}},"265":{"start":{"line":400,"column":6},"end":{"line":400,"column":30}},"266":{"start":{"line":403,"column":4},"end":{"line":403,"column":16}},"267":{"start":{"line":407,"column":2},"end":{"line":407,"column":24}}},"branchMap":{"1":{"line":4,"type":"binary-expr","locations":[{"start":{"line":4,"column":14},"end":{"line":4,"column":24}},{"start":{"line":4,"column":28},"end":{"line":4,"column":151}}]},"2":{"line":4,"type":"if","locations":[{"start":{"line":4,"column":92},"end":{"line":4,"column":92}},{"start":{"line":4,"column":92},"end":{"line":4,"column":92}}]},"3":{"line":4,"type":"binary-expr","locations":[{"start":{"line":4,"column":96},"end":{"line":4,"column":105}},{"start":{"line":4,"column":109},"end":{"line":4,"column":125}}]},"4":{"line":38,"type":"cond-expr","locations":[{"start":{"line":38,"column":26},"end":{"line":38,"column":27}},{"start":{"line":38,"column":30},"end":{"line":38,"column":43}}]},"5":{"line":48,"type":"if","locations":[{"start":{"line":48,"column":6},"end":{"line":48,"column":6}},{"start":{"line":48,"column":6},"end":{"line":48,"column":6}}]},"6":{"line":51,"type":"if","locations":[{"start":{"line":51,"column":6},"end":{"line":51,"column":6}},{"start":{"line":51,"column":6},"end":{"line":51,"column":6}}]},"7":{"line":56,"type":"if","locations":[{"start":{"line":56,"column":6},"end":{"line":56,"column":6}},{"start":{"line":56,"column":6},"end":{"line":56,"column":6}}]},"8":{"line":56,"type":"binary-expr","locations":[{"start":{"line":56,"column":10},"end":{"line":56,"column":24}},{"start":{"line":56,"column":28},"end":{"line":56,"column":44}}]},"9":{"line":75,"type":"if","locations":[{"start":{"line":75,"column":6},"end":{"line":75,"column":6}},{"start":{"line":75,"column":6},"end":{"line":75,"column":6}}]},"10":{"line":80,"type":"if","locations":[{"start":{"line":80,"column":6},"end":{"line":80,"column":6}},{"start":{"line":80,"column":6},"end":{"line":80,"column":6}}]},"11":{"line":83,"type":"if","locations":[{"start":{"line":83,"column":6},"end":{"line":83,"column":6}},{"start":{"line":83,"column":6},"end":{"line":83,"column":6}}]},"12":{"line":86,"type":"if","locations":[{"start":{"line":86,"column":6},"end":{"line":86,"column":6}},{"start":{"line":86,"column":6},"end":{"line":86,"column":6}}]},"13":{"line":96,"type":"if","locations":[{"start":{"line":96,"column":8},"end":{"line":96,"column":8}},{"start":{"line":96,"column":8},"end":{"line":96,"column":8}}]},"14":{"line":97,"type":"binary-expr","locations":[{"start":{"line":97,"column":45},"end":{"line":97,"column":58}},{"start":{"line":97,"column":62},"end":{"line":97,"column":72}}]},"15":{"line":101,"type":"cond-expr","locations":[{"start":{"line":101,"column":62},"end":{"line":101,"column":78}},{"start":{"line":101,"column":81},"end":{"line":101,"column":108}}]},"16":{"line":103,"type":"if","locations":[{"start":{"line":103,"column":10},"end":{"line":103,"column":10}},{"start":{"line":103,"column":10},"end":{"line":103,"column":10}}]},"17":{"line":111,"type":"binary-expr","locations":[{"start":{"line":111,"column":8},"end":{"line":111,"column":30}},{"start":{"line":111,"column":35},"end":{"line":111,"column":65}}]},"18":{"line":112,"type":"binary-expr","locations":[{"start":{"line":112,"column":8},"end":{"line":112,"column":25}},{"start":{"line":112,"column":30},"end":{"line":112,"column":55}}]},"19":{"line":113,"type":"cond-expr","locations":[{"start":{"line":113,"column":72},"end":{"line":113,"column":88}},{"start":{"line":113,"column":91},"end":{"line":113,"column":158}}]},"20":{"line":113,"type":"binary-expr","locations":[{"start":
[...]
E html>\\n<html xmlns=\\\"http://www.w3.org/1999/xhtml\\\" lang=\\\"\" + self.options.lang + \"\\\">\";","      }","      if (_.isString(this.options.author)) {","        this.options.author = [this.options.author];","      }","      if (_.isEmpty(this.options.author)) {","        this.options.author = [\"anonymous\"];","      }","      if (!this.options.tempDir) {","        this.options.tempDir = path.resolve(__dirname, \"../tempDir/\");","      }","      this.id = uuid();","      this.uuid = path.resolve(this.options.tempDir, this.id);","      this.options.uuid = this.uuid;","      this.options.id = this.id;","      this.options.images = [];","      this.options.content = _.map(this.options.content, function(content, index) {","        var $, allowedAttributes, allowedXhtml11Tags, titleSlug;","        if (!content.filename) {","          titleSlug = uslug(removeDiacritics(content.title || \"no title\"));","          content.href = index + \"_\" + titleSlug + \".xhtml\";","          content.filePath = path.resolve(self.uuid, \"./OEBPS/\" + index + \"_\" + titleSlug + \".xhtml\");","        } else {","          content.href = content.filename.match(/\\.xhtml$/) ? content.filename : content.filename + \".xhtml\";","          console.log(content.href);","          if (content.filename.match(/\\.xhtml$/)) {","            content.filePath = path.resolve(self.uuid, \"./OEBPS/\" + content.filename);","          } else {","            content.filePath = path.resolve(self.uuid, \"./OEBPS/\" + content.filename + \".xhtml\");","          }","        }","        content.id = \"item_\" + index;","        content.dir = path.dirname(content.filePath);","        content.excludeFromToc || (content.excludeFromToc = false);","        content.beforeToc || (content.beforeToc = false);","        content.author = content.author && _.isString(content.author) ? [content.author] : !content.author || !_.isArray(content.author) ? [] : content.author;","        allowedAttributes = [\"content\", \"alt\", \"id\", \"title\", \"src\", \"href\", \"about\", \"accesskey\", \"aria-activedescendant\", \"aria-atomic\", \"aria-autocomplete\", \"aria-busy\", \"aria-checked\", \"aria-controls\", \"aria-describedat\", \"aria-describedby\", \"aria-disabled\", \"aria-dropeffect\", \"aria-expanded\", \"aria-flowto\", \"aria-grabbed\", \"aria-haspopup\", \"aria-hidden\", \"aria-invalid\", \"aria-label\", \"aria-labelledby\", \"aria-level\", \"aria-live\", \"aria-multiline\", \"aria-multiselectable\", \"aria-orientation\", \"aria-owns\", \"aria-posinset\", \"aria-pressed\", \"aria-readonly\", \"aria-relevant\", \"aria-required\", \"aria-selected\", \"aria-setsize\", \"aria-sort\", \"aria-valuemax\", \"aria-valuemin\", \"aria-valuenow\", \"aria-valuetext\", \"class\", \"content\", \"contenteditable\", \"contextmenu\", \"datatype\", \"dir\", \"draggable\", \"dropzone\", \"hidden\", \"hreflang\", \"id\", \"inlist\", \"itemid\", \"itemref\", \"itemscope\", \"itemtype\", \"lang\", \"media\", \"ns1:type\", \"ns2:alphabet\", \"ns2:ph\", \"onabort\", \"onblur\", \"oncanplay\", \"oncanplaythrough\", \"onchange\", \"onclick\", \"oncontextmenu\", \"ondblclick\", \"ondrag\", \"ondragend\", \"ondragenter\", \"ondragleave\", \"ondragover\", \"ondragstart\", \"ondrop\", \"ondurationchange\", \"onemptied\", \"onended\", \"onerror\", \"onfocus\", \"oninput\", \"oninvalid\", \"onkeydown\", \"onkeypress\", \"onkeyup\", \"onload\", \"onloadeddata\", \"onloadedmetadata\", \"onloadstart\", \"onmousedown\", \"onmousemove\", \"onmouseout\", \"onmouseover\", \"onmouseup\", \"onmousewheel\", \"onpause\", \"onplay\", \"onplaying\", \"onprogress\", \"onratechange\", \"onreadystatechange\", \"onreset\", \"onscroll\", \"onseeked\", \"onseeking\", \"onselect\", \"onshow\", \"onstalled\", \"onsubmit\", \"onsuspend\", \"ontimeupdate\", \"onvolumechange\", \"onwaiting\", \"prefix\", \"property\", \"rel\", \"resource\", \"rev\", \"role\", \"spellcheck\", \"style\", \"tabindex\", \"target\", \"title\", \"type\", \"typeof\", \"vocab\", \"xml:base\", \"xml:lang\", \"xml:space\", \"colspan\", \"rowspan\"];","        allowedXhtml11Tags = [\"div\", \"p\", \"h1\", \"h2\", \"h3\", \"h4\", \"h5\", \"h6\", \"ul\", \"ol\", \"li\", \"dl\", \"dt\", \"dd\", \"address\", \"hr\", \"pre\", \"blockquote\", \"center\", \"ins\", \"del\", \"a\", \"span\", \"bdo\", \"br\", \"em\", \"strong\", \"dfn\", \"code\", \"samp\", \"kbd\", \"bar\", \"cite\", \"abbr\", \"acronym\", \"q\", \"sub\", \"sup\", \"tt\", \"i\", \"b\", \"big\", \"small\", \"u\", \"s\", \"strike\", \"basefont\", \"font\", \"object\", \"param\", \"img\", \"table\", \"caption\", \"colgroup\", \"col\", \"thead\", \"tfoot\", \"tbody\", \"tr\", \"th\", \"td\", \"embed\", \"applet\", \"iframe\", \"img\", \"map\", \"noscript\", \"ns:svg\", \"object\", \"script\", \"table\", \"tt\", \"var\"];","        content.data = entities.encodeXML(content.data);","        $ = cheerio.load(content.data, {","          lowerCaseTags: true,","          ignoreWhitespace: true,","          recognizeSelfClosing: true","        });","        if ($(\"body\").length) {","          $ = cheerio.load($(\"body\").html(), {","            lowerCaseTags: true,","            ignoreWhitespace: true,","            recognizeSelfClosing: true","          });","        }","        $($(\"*\").get().reverse()).each(function(elemIndex, elem) {","          var attrs, child, k, ref, ref1, that, v;","          attrs = elem.attribs;","          that = this;","          if ((ref = that.name) === \"img\" || ref === \"br\" || ref === \"hr\") {","            $(that).text(\"\");","            if (that.name === \"img\") {","              $(that).attr(\"alt\", $(that).attr(\"alt\") || \"image-placeholder\");","            }","          }","          for (k in attrs) {","            v = attrs[k];","            if (indexOf.call(allowedAttributes, k) >= 0) {","              if (k === \"type\") {","                if (that.name !== \"script\") {","                  $(that).removeAttr(k);","                }","              }","            } else {","              $(that).removeAttr(k);","            }","          }","          if (self.options.version === 2) {","            if (ref1 = that.name, indexOf.call(allowedXhtml11Tags, ref1) >= 0) {","","            } else {","              console.log(\"Warning (content[\" + index + \"]):\", that.name, \"tag isn't allowed on EPUB 2/XHTML 1.1 DTD.\");","              child = $(that).html();","              return $(that).replaceWith($(\"<div>\" + child + \"</div>\"));","            }","          }","        });","        $(\"img\").each(function(index, elem) {","          var dir, extension, id, mediaType, url;","          url = $(elem).attr(\"src\");","          id = uuid();","          mediaType = mime.lookup(url);","          extension = mime.extension(mediaType);","          $(elem).attr(\"src\", \"images/\" + id + \".\" + extension);","          dir = content.dir;","          return self.options.images.push({","            id: id,","            url: url,","            dir: dir,","            mediaType: mediaType,","            extension: extension","          });","        });","        content.data = $.xml();","        return content;","      });","      if (this.options.cover) {","        this.options._coverMediaType = mime.lookup(this.options.cover);","        this.options._coverExtension = mime.extension(this.options._coverMediaType);","      }","      this.render();","      this.promise = this.defer.promise;","    }","","    EPub.prototype.render = function() {","      var self;","      self = this;","      console.log(\"Generating Template Files.....\");","      return this.generateTempFile().then(function() {","        console.log(\"Downloading Images...\");","        return self.downloadAllImage().fin(function() {","          console.log(\"Making Cover...\");","          return self.makeCover().then(function() {","            console.log(\"Generating Epub Files...\");","            return self.genEpub().then(function(result) {","              console.log(\"About to finish...\");","              self.defer.resolve(result);","              return console.log(\"Done.\");","            }, function(err) {","              return self.defer.reject(err);","            });","          }, function(err) {","            return self.defer.reject(err);","          });","        }, function(err) {","          return self.defer.reject(err);","        });","      }, function(err) {","        return self.defer.reject(err);","      });","    };","","    EPub.prototype.generateTempFile = function() {","      var base, generateDefer, htmlTocPath, ncxTocPath, opfPath, self;","      generateDefer = new Q.defer();","      self = this;","      if (!fs.existsSync(this.options.tempDir)) {","        fs.mkdirSync(this.options.tempDir);","      }","      fs.mkdirSync(this.uuid);","      fs.mkdirSync(path.resolve(this.uuid, \"./OEBPS\"));","      (base = this.options).css || (base.css = fs.readFileSync(path.resolve(__dirname, \"../templates/template.css\")));","      fs.writeFileSync(path.resolve(this.uuid, \"./OEBPS/style.css\"), this.options.css);","      if (self.options.fonts.length) {","        fs.mkdirSync(path.resolve(this.uuid, \"./OEBPS/fonts\"));","        this.options.fonts = _.map(this.options.fonts, function(font) {","          var filename;","          if (!fs.existsSync(font)) {","            generateDefer.reject(new Error('Custom font not found at ' + font + '.'));","            return generateDefer.promise;","          }","          filename = path.basename(font);","          fsextra.copySync(font, path.resolve(self.uuid, \"./OEBPS/fonts/\" + filename));","          return filename;","        });","      }","      _.each(this.options.content, function(content) {","        var data;","        data = self.options.docHeader + \"\\n  <head>\\n  <meta charset=\\\"UTF-8\\\" />\\n  <title>\" + (entities.encodeXML(content.title || '')) + \"</title>\\n  <link rel=\\\"stylesheet\\\" type=\\\"text/css\\\" href=\\\"style.css\\\" />\\n  </head>\\n<body>\";","        data += content.title && self.options.appendChapterTitles ? \"<h1>\" + (entities.encodeXML(content.title)) + \"</h1>\" : \"\";","        data += content.title && content.author && content.author.length ? \"<p class='epub-author'>\" + (entities.encodeXML(content.author.join(\", \"))) + \"</p>\" : \"\";","        data += content.title && content.url ? \"<p class='epub-link'><a href='\" + content.url + \"'>\" + content.url + \"</a></p>\" : \"\";","        data += content.data + \"</body></html>\";","        return fs.writeFileSync(content.filePath, data);","      });","      fs.writeFileSync(this.uuid + \"/mimetype\", \"application/epub+zip\");","      fs.mkdirSync(this.uuid + \"/META-INF\");","      fs.writeFileSync(this.uuid + \"/META-INF/container.xml\", \"<?xml version=\\\"1.0\\\" encoding=\\\"UTF-8\\\" ?><container version=\\\"1.0\\\" xmlns=\\\"urn:oasis:names:tc:opendocument:xmlns:container\\\"><rootfiles><rootfile full-path=\\\"OEBPS/content.opf\\\" media-type=\\\"application/oebps-package+xml\\\"/></rootfiles></container>\");","      if (self.options.version === 2) {","        fs.writeFileSync(this.uuid + \"/META-INF/com.apple.ibooks.display-options.xml\", \"<?xml version=\\\"1.0\\\" encoding=\\\"UTF-8\\\" standalone=\\\"yes\\\"?>\\n<display_options>\\n  <platform name=\\\"*\\\">\\n    <option name=\\\"specified-fonts\\\">true</option>\\n  </platform>\\n</display_options>\");","      }","      opfPath = self.options.customOpfTemplatePath || path.resolve(__dirname, \"../templates/epub\" + self.options.version + \"/content.opf.ejs\");","      if (!fs.existsSync(opfPath)) {","        generateDefer.reject(new Error('Custom file to OPF template not found.'));","        return generateDefer.promise;","      }","      ncxTocPath = self.options.customNcxTocTemplatePath || path.resolve(__dirname, \"../templates/toc.ncx.ejs\");","      if (!fs.existsSync(ncxTocPath)) {","        generateDefer.reject(new Error('Custom file the NCX toc template not found.'));","        return generateDefer.promise;","      }","      htmlTocPath = self.options.customHtmlTocTemplatePath || path.resolve(__dirname, \"../templates/epub\" + self.options.version + \"/toc.xhtml.ejs\");","      if (!fs.existsSync(htmlTocPath)) {","        generateDefer.reject(new Error('Custom file to HTML toc template not found.'));","        return generateDefer.promise;","      }","      Q.all([Q.nfcall(ejs.renderFile, opfPath, self.options), Q.nfcall(ejs.renderFile, ncxTocPath, self.options), Q.nfcall(ejs.renderFile, htmlTocPath, self.options)]).spread(function(data1, data2, data3) {","        fs.writeFileSync(path.resolve(self.uuid, \"./OEBPS/content.opf\"), data1);","        fs.writeFileSync(path.resolve(self.uuid, \"./OEBPS/toc.ncx\"), data2);","        fs.writeFileSync(path.resolve(self.uuid, \"./OEBPS/toc.xhtml\"), data3);","        return generateDefer.resolve();","      }, function(err) {","        console.error(arguments);","        return generateDefer.reject(err);","      });","      return generateDefer.promise;","    };","","    EPub.prototype.makeCover = function() {","      var coverDefer, destPath, userAgent, writeStream;","      userAgent = \"Mozilla/5.0 (Macintosh; Intel Mac OS X 10_9_2) AppleWebKit/537.36 (KHTML, like Gecko) Chrome/34.0.1847.116 Safari/537.36\";","      coverDefer = new Q.defer();","      if (this.options.cover) {","        destPath = path.resolve(this.uuid, \"./OEBPS/cover.\" + this.options._coverExtension);","        writeStream = null;","        if (this.options.cover.slice(0, 4) === \"http\") {","          writeStream = request.get(this.options.cover).set({","            'User-Agent': userAgent","          });","          writeStream.pipe(fs.createWriteStream(destPath));","        } else {","          writeStream = fs.createReadStream(this.options.cover);","          writeStream.pipe(fs.createWriteStream(destPath));","        }","        writeStream.on(\"end\", function() {","          console.log(\"[Success] cover image downloaded successfully!\");","          return coverDefer.resolve();","        });","        writeStream.on(\"error\", function(err) {","          console.error(\"Error\", err);","          return coverDefer.reject(err);","        });","      } else {","        coverDefer.resolve();","      }","      return coverDefer.promise;","    };","","    EPub.prototype.downloadImage = function(options) {","      var auxpath, downloadImageDefer, filename, requestAction, self, userAgent;","      self = this;","      userAgent = \"Mozilla/5.0 (Macintosh; Intel Mac OS X 10_9_2) AppleWebKit/537.36 (KHTML, like Gecko) Chrome/34.0.1847.116 Safari/537.36\";","      if (!options.url && typeof options !== \"string\") {","        return false;","      }","      downloadImageDefer = new Q.defer();","      filename = path.resolve(self.uuid, \"./OEBPS/images/\" + options.id + \".\" + options.extension);","      if (options.url.indexOf(\"file://\") === 0) {","        auxpath = options.url.substr(7);","        fsextra.copySync(auxpath, filename);","        return downloadImageDefer.resolve(options);","      } else {","        if (options.url.indexOf(\"http\") === 0) {","          requestAction = request.get(options.url).set({","            'User-Agent': userAgent","          });","          requestAction.pipe(fs.createWriteStream(filename));","        } else {","          requestAction = fs.createReadStream(path.resolve(options.dir, options.url));","          requestAction.pipe(fs.createWriteStream(filename));","        }","        requestAction.on('error', function(err) {","          console.error('[Download Error]', 'Error while downloading', options.url, err);","          fs.unlinkSync(filename);","          return downloadImageDefer.reject(err);","        });","        requestAction.on('end', function() {","          console.log(\"[Download Success]\", options.url);","          return downloadImageDefer.resolve(options);","        });","        return downloadImageDefer.promise;","      }","    };","","    EPub.prototype.downloadAllImage = function() {","      var deferArray, imgDefer, self;","      self = this;","      imgDefer = new Q.defer();","      if (!self.options.images.length) {","        imgDefer.resolve();","      } else {","        fs.mkdirSync(path.resolve(this.uuid, \"./OEBPS/images\"));","        deferArray = [];","        _.each(self.options.images, function(image) {","          return deferArray.push(self.downloadImage(image));","        });","        Q.all(deferArray).fin(function() {","          return imgDefer.resolve();","        });","      }","      return imgDefer.promise;","    };","","    EPub.prototype.genEpub = function() {","      var archive, cwd, genDefer, output, self;","      genDefer = new Q.defer();","      self = this;","      cwd = this.uuid;","      archive = archiver(\"zip\", {","        zlib: {","          level: 9","        }","      });","      output = fs.createWriteStream(self.options.output);","      console.log(\"Zipping temp dir to\", self.options.output);","      archive.file(cwd + \"/mimetype\", {","        store: true,","        name: \"mimetype\"","      });","      archive.directory(cwd + \"/META-INF\", \"META-INF\");","      archive.directory(cwd + \"/OEBPS\", \"OEBPS\");","      archive.pipe(output);","      archive.on(\"end\", function() {","        console.log(\"Done zipping, clearing temp dir...\");","        return rimraf(cwd, function(err) {","          if (err) {","            return genDefer.reject(err);","          } else {","            return genDefer.resolve();","          }","        });","      });","      archive.on(\"error\", function(err) {","        return genDefer.reject(err);","      });","      archive.finalize();","      return genDefer.promise;","    };","","    return EPub;","","  })();","","  module.exports = EPub;","","}).call(this);",""],"l":{"2":1,"3":1,"4":0,"6":1,"8":1,"10":1,"12":1,"14":1,"16":1,"18":1,"20":1,"22":1,"24":1,"26":1,"28":1,"30":1,"32":1,"34":1,"35":0,"36":0,"37":0,"38":0,"42":1,"43":1,"44":0,"45":0,"46":0,"47":0,"48":0,"49":0,"51":0,"52":0,"53":0,"54":0,"56":0,"57":0,"58":0,"59":0,"61":0,"75":0,"76":0,"78":0,"80":0,"81":0,"83":0,"84":0,"86":0,"87":0,"89":0,"90":0,"91":0,"92":0,"93":0,"94":0,"95":0,"96":0,"97":0,"98":0,"99":0,"101":0,"102":0,"103":0,"104":0,"106":0,"109":0,"110":0,"111":0,"112":0,"113":0,"114":0,"115":0,"116":0,"117":0,"122":0,"123":0,"129":0,"130":0,"131":0,"132":0,"133":0,"134":0,"135":0,"136":0,"139":0,"140":0,"141":0,"142":0,"143":0,"144":0,"148":0,"151":0,"152":0,"155":0,"156":0,"157":0,"161":0,"162":0,"163":0,"164":0,"165":0,"166":0,"167":0,"168":0,"169":0,"177":0,"178":0,"180":0,"181":0,"182":0,"184":0,"185":0,"188":1,"189":0,"190":0,"191":0,"192":0,"193":0,"194":0,"195":0,"196":0,"197":0,"198":0,"199":0,"200":0,"201":0,"203":0,"206":0,"209":0,"212":0,"216":1,"217":0,"218":0,"219":0,"220":0,"221":0,"223":0,"224":0,"225":0,"226":0,"227":0,"228":0,"229":0,"230":0,"231":0,"232":0,"233":0,"235":0,"236":0,"237":0,"240":0,"241":0,"242":0,"243":0,"244":0,"245":0,"246":0,"247":0,"249":0,"250":0,"251":0,"252":0,"253":0,"255":0,"256":0,"257":0,"258":0,"260":0,"261":0,"262":0,"263":0,"265":0,"266":0,"267":0,"268":0,"270":0,"271":0,"272":0,"273":0,"274":0,"276":0,"277":0,"279":0,"282":1,"283":0,"284":0,"285":0,"286":0,"287":0,"288":0,"289":0,"290":0,"293":0,"295":0,"296":0,"298":0,"299":0,"300":0,"302":0,"303":0,"304":0,"307":0,"309":0,"312":1,"313":0,"314":0,"315":0,"316":0,"317":0,"319":0,"320":0,"321":0,"322":0,"323":0,"324":0,"326":0,"327":0,"330":0,"332":0,"333":0,"335":0,"336":0,"337":0,"338":0,"340":0,"341":0,"342":0,"344":0,"348":1,"349":0,"350":0,"351":0,"352":0,"353":0,"355":0,"356":0,"357":0,"358":0,"360":0,"361":0,"364":0,"367":1,"368":0,"369":0,"370":0,"371":0,"372":0,"377":0,"378":0,"379":0,"383":0,"384":0,"385":0,"386":0,"387":0,"388":0,"389":0,"390":0,"392":0,"396":0,"397":0,"399":0,"400":0,"403":1,"407":1}}}